-------------------------------------------------------------------------------
Test set: com.example.ordermanagement.cucumber.CucumberTestRunner
-------------------------------------------------------------------------------
Tests run: 27, Failures: 0, Errors: 27, Skipped: 0, Time elapsed: 3.457 s <<< FAILURE! -- in com.example.ordermanagement.cucumber.CucumberTestRunner
Order Creation.Create a new order with valid customer information -- Time elapsed: 3.047 s <<< ERROR!
io.cucumber.core.runner.DuplicateStepDefinitionException: Duplicate step definitions in com.example.ordermanagement.cucumber.OrderQuerySteps.theOrderManagementSystemIsRunning() and com.example.ordermanagement.cucumber.OrderCreationSteps.theOrderManagementSystemIsRunning()
	at io.cucumber.core.runner.CachingGlue.lambda$prepareGlue$3(CachingGlue.java:278)
	at java.base/java.util.ArrayList.forEach(ArrayList.java:1604)
	at io.cucumber.core.runner.CachingGlue.prepareGlue(CachingGlue.java:272)
	at io.cucumber.core.runner.Runner.runPickle(Runner.java:72)
	at io.cucumber.junit.platform.engine.CucumberEngineExecutionContext.lambda$runTestCase$4(CucumberEngineExecutionContext.java:112)
	at io.cucumber.core.runtime.CucumberExecutionContext.lambda$runTestCase$5(CucumberExecutionContext.java:137)
	at io.cucumber.core.runtime.RethrowingThrowableCollector.executeAndThrow(RethrowingThrowableCollector.java:23)
	at io.cucumber.core.runtime.CucumberExecutionContext.runTestCase(CucumberExecutionContext.java:137)
	at io.cucumber.junit.platform.engine.CucumberEngineExecutionContext.runTestCase(CucumberEngineExecutionContext.java:109)
	at io.cucumber.junit.platform.engine.NodeDescriptor$PickleDescriptor.execute(NodeDescriptor.java:168)
	at io.cucumber.junit.platform.engine.NodeDescriptor$PickleDescriptor.execute(NodeDescriptor.java:90)
	at java.base/java.util.ArrayList.forEach(ArrayList.java:1604)
	at java.base/java.util.ArrayList.forEach(ArrayList.java:1604)

Order Creation.Create an order with missing customer information -- Time elapsed: 0.011 s <<< ERROR!
io.cucumber.core.runner.DuplicateStepDefinitionException: Duplicate step definitions in com.example.ordermanagement.cucumber.OrderQuerySteps.theOrderManagementSystemIsRunning() and com.example.ordermanagement.cucumber.OrderCreationSteps.theOrderManagementSystemIsRunning()
	at io.cucumber.core.runner.CachingGlue.lambda$prepareGlue$3(CachingGlue.java:278)
	at java.base/java.util.ArrayList.forEach(ArrayList.java:1604)
	at io.cucumber.core.runner.CachingGlue.prepareGlue(CachingGlue.java:272)
	at io.cucumber.core.runner.Runner.runPickle(Runner.java:72)
	at io.cucumber.junit.platform.engine.CucumberEngineExecutionContext.lambda$runTestCase$4(CucumberEngineExecutionContext.java:112)
	at io.cucumber.core.runtime.CucumberExecutionContext.lambda$runTestCase$5(CucumberExecutionContext.java:137)
	at io.cucumber.core.runtime.RethrowingThrowableCollector.executeAndThrow(RethrowingThrowableCollector.java:23)
	at io.cucumber.core.runtime.CucumberExecutionContext.runTestCase(CucumberExecutionContext.java:137)
	at io.cucumber.junit.platform.engine.CucumberEngineExecutionContext.runTestCase(CucumberEngineExecutionContext.java:109)
	at io.cucumber.junit.platform.engine.NodeDescriptor$PickleDescriptor.execute(NodeDescriptor.java:168)
	at io.cucumber.junit.platform.engine.NodeDescriptor$PickleDescriptor.execute(NodeDescriptor.java:90)
	at java.base/java.util.ArrayList.forEach(ArrayList.java:1604)
	at java.base/java.util.ArrayList.forEach(ArrayList.java:1604)

Order Creation.Create multiple orders for the same customer -- Time elapsed: 0.007 s <<< ERROR!
io.cucumber.core.runner.DuplicateStepDefinitionException: Duplicate step definitions in com.example.ordermanagement.cucumber.OrderQuerySteps.theOrderManagementSystemIsRunning() and com.example.ordermanagement.cucumber.OrderCreationSteps.theOrderManagementSystemIsRunning()
	at io.cucumber.core.runner.CachingGlue.lambda$prepareGlue$3(CachingGlue.java:278)
	at java.base/java.util.ArrayList.forEach(ArrayList.java:1604)
	at io.cucumber.core.runner.CachingGlue.prepareGlue(CachingGlue.java:272)
	at io.cucumber.core.runner.Runner.runPickle(Runner.java:72)
	at io.cucumber.junit.platform.engine.CucumberEngineExecutionContext.lambda$runTestCase$4(CucumberEngineExecutionContext.java:112)
	at io.cucumber.core.runtime.CucumberExecutionContext.lambda$runTestCase$5(CucumberExecutionContext.java:137)
	at io.cucumber.core.runtime.RethrowingThrowableCollector.executeAndThrow(RethrowingThrowableCollector.java:23)
	at io.cucumber.core.runtime.CucumberExecutionContext.runTestCase(CucumberExecutionContext.java:137)
	at io.cucumber.junit.platform.engine.CucumberEngineExecutionContext.runTestCase(CucumberEngineExecutionContext.java:109)
	at io.cucumber.junit.platform.engine.NodeDescriptor$PickleDescriptor.execute(NodeDescriptor.java:168)
	at io.cucumber.junit.platform.engine.NodeDescriptor$PickleDescriptor.execute(NodeDescriptor.java:90)
	at java.base/java.util.ArrayList.forEach(ArrayList.java:1604)
	at java.base/java.util.ArrayList.forEach(ArrayList.java:1604)

Order Item Management.Add a single item to an order -- Time elapsed: 0.008 s <<< ERROR!
io.cucumber.core.runner.DuplicateStepDefinitionException: Duplicate step definitions in com.example.ordermanagement.cucumber.OrderQuerySteps.theOrderManagementSystemIsRunning() and com.example.ordermanagement.cucumber.OrderCreationSteps.theOrderManagementSystemIsRunning()
	at io.cucumber.core.runner.CachingGlue.lambda$prepareGlue$3(CachingGlue.java:278)
	at java.base/java.util.ArrayList.forEach(ArrayList.java:1604)
	at io.cucumber.core.runner.CachingGlue.prepareGlue(CachingGlue.java:272)
	at io.cucumber.core.runner.Runner.runPickle(Runner.java:72)
	at io.cucumber.junit.platform.engine.CucumberEngineExecutionContext.lambda$runTestCase$4(CucumberEngineExecutionContext.java:112)
	at io.cucumber.core.runtime.CucumberExecutionContext.lambda$runTestCase$5(CucumberExecutionContext.java:137)
	at io.cucumber.core.runtime.RethrowingThrowableCollector.executeAndThrow(RethrowingThrowableCollector.java:23)
	at io.cucumber.core.runtime.CucumberExecutionContext.runTestCase(CucumberExecutionContext.java:137)
	at io.cucumber.junit.platform.engine.CucumberEngineExecutionContext.runTestCase(CucumberEngineExecutionContext.java:109)
	at io.cucumber.junit.platform.engine.NodeDescriptor$PickleDescriptor.execute(NodeDescriptor.java:168)
	at io.cucumber.junit.platform.engine.NodeDescriptor$PickleDescriptor.execute(NodeDescriptor.java:90)
	at java.base/java.util.ArrayList.forEach(ArrayList.java:1604)
	at java.base/java.util.ArrayList.forEach(ArrayList.java:1604)

Order Item Management.Add multiple items to an order -- Time elapsed: 0.008 s <<< ERROR!
io.cucumber.core.runner.DuplicateStepDefinitionException: Duplicate step definitions in com.example.ordermanagement.cucumber.OrderQuerySteps.theOrderManagementSystemIsRunning() and com.example.ordermanagement.cucumber.OrderCreationSteps.theOrderManagementSystemIsRunning()
	at io.cucumber.core.runner.CachingGlue.lambda$prepareGlue$3(CachingGlue.java:278)
	at java.base/java.util.ArrayList.forEach(ArrayList.java:1604)
	at io.cucumber.core.runner.CachingGlue.prepareGlue(CachingGlue.java:272)
	at io.cucumber.core.runner.Runner.runPickle(Runner.java:72)
	at io.cucumber.junit.platform.engine.CucumberEngineExecutionContext.lambda$runTestCase$4(CucumberEngineExecutionContext.java:112)
	at io.cucumber.core.runtime.CucumberExecutionContext.lambda$runTestCase$5(CucumberExecutionContext.java:137)
	at io.cucumber.core.runtime.RethrowingThrowableCollector.executeAndThrow(RethrowingThrowableCollector.java:23)
	at io.cucumber.core.runtime.CucumberExecutionContext.runTestCase(CucumberExecutionContext.java:137)
	at io.cucumber.junit.platform.engine.CucumberEngineExecutionContext.runTestCase(CucumberEngineExecutionContext.java:109)
	at io.cucumber.junit.platform.engine.NodeDescriptor$PickleDescriptor.execute(NodeDescriptor.java:168)
	at io.cucumber.junit.platform.engine.NodeDescriptor$PickleDescriptor.execute(NodeDescriptor.java:90)
	at java.base/java.util.ArrayList.forEach(ArrayList.java:1604)
	at java.base/java.util.ArrayList.forEach(ArrayList.java:1604)

Order Item Management.Add item with invalid quantity -- Time elapsed: 0.007 s <<< ERROR!
io.cucumber.core.runner.DuplicateStepDefinitionException: Duplicate step definitions in com.example.ordermanagement.cucumber.OrderQuerySteps.theOrderManagementSystemIsRunning() and com.example.ordermanagement.cucumber.OrderCreationSteps.theOrderManagementSystemIsRunning()
	at io.cucumber.core.runner.CachingGlue.lambda$prepareGlue$3(CachingGlue.java:278)
	at java.base/java.util.ArrayList.forEach(ArrayList.java:1604)
	at io.cucumber.core.runner.CachingGlue.prepareGlue(CachingGlue.java:272)
	at io.cucumber.core.runner.Runner.runPickle(Runner.java:72)
	at io.cucumber.junit.platform.engine.CucumberEngineExecutionContext.lambda$runTestCase$4(CucumberEngineExecutionContext.java:112)
	at io.cucumber.core.runtime.CucumberExecutionContext.lambda$runTestCase$5(CucumberExecutionContext.java:137)
	at io.cucumber.core.runtime.RethrowingThrowableCollector.executeAndThrow(RethrowingThrowableCollector.java:23)
	at io.cucumber.core.runtime.CucumberExecutionContext.runTestCase(CucumberExecutionContext.java:137)
	at io.cucumber.junit.platform.engine.CucumberEngineExecutionContext.runTestCase(CucumberEngineExecutionContext.java:109)
	at io.cucumber.junit.platform.engine.NodeDescriptor$PickleDescriptor.execute(NodeDescriptor.java:168)
	at io.cucumber.junit.platform.engine.NodeDescriptor$PickleDescriptor.execute(NodeDescriptor.java:90)
	at java.base/java.util.ArrayList.forEach(ArrayList.java:1604)
	at java.base/java.util.ArrayList.forEach(ArrayList.java:1604)

Order Item Management.Remove an item from an order -- Time elapsed: 0.008 s <<< ERROR!
io.cucumber.core.runner.DuplicateStepDefinitionException: Duplicate step definitions in com.example.ordermanagement.cucumber.OrderQuerySteps.theOrderManagementSystemIsRunning() and com.example.ordermanagement.cucumber.OrderCreationSteps.theOrderManagementSystemIsRunning()
	at io.cucumber.core.runner.CachingGlue.lambda$prepareGlue$3(CachingGlue.java:278)
	at java.base/java.util.ArrayList.forEach(ArrayList.java:1604)
	at io.cucumber.core.runner.CachingGlue.prepareGlue(CachingGlue.java:272)
	at io.cucumber.core.runner.Runner.runPickle(Runner.java:72)
	at io.cucumber.junit.platform.engine.CucumberEngineExecutionContext.lambda$runTestCase$4(CucumberEngineExecutionContext.java:112)
	at io.cucumber.core.runtime.CucumberExecutionContext.lambda$runTestCase$5(CucumberExecutionContext.java:137)
	at io.cucumber.core.runtime.RethrowingThrowableCollector.executeAndThrow(RethrowingThrowableCollector.java:23)
	at io.cucumber.core.runtime.CucumberExecutionContext.runTestCase(CucumberExecutionContext.java:137)
	at io.cucumber.junit.platform.engine.CucumberEngineExecutionContext.runTestCase(CucumberEngineExecutionContext.java:109)
	at io.cucumber.junit.platform.engine.NodeDescriptor$PickleDescriptor.execute(NodeDescriptor.java:168)
	at io.cucumber.junit.platform.engine.NodeDescriptor$PickleDescriptor.execute(NodeDescriptor.java:90)
	at java.base/java.util.ArrayList.forEach(ArrayList.java:1604)
	at java.base/java.util.ArrayList.forEach(ArrayList.java:1604)

Order Item Management.Remove non-existent item from an order -- Time elapsed: 0.008 s <<< ERROR!
io.cucumber.core.runner.DuplicateStepDefinitionException: Duplicate step definitions in com.example.ordermanagement.cucumber.OrderQuerySteps.theOrderManagementSystemIsRunning() and com.example.ordermanagement.cucumber.OrderCreationSteps.theOrderManagementSystemIsRunning()
	at io.cucumber.core.runner.CachingGlue.lambda$prepareGlue$3(CachingGlue.java:278)
	at java.base/java.util.ArrayList.forEach(ArrayList.java:1604)
	at io.cucumber.core.runner.CachingGlue.prepareGlue(CachingGlue.java:272)
	at io.cucumber.core.runner.Runner.runPickle(Runner.java:72)
	at io.cucumber.junit.platform.engine.CucumberEngineExecutionContext.lambda$runTestCase$4(CucumberEngineExecutionContext.java:112)
	at io.cucumber.core.runtime.CucumberExecutionContext.lambda$runTestCase$5(CucumberExecutionContext.java:137)
	at io.cucumber.core.runtime.RethrowingThrowableCollector.executeAndThrow(RethrowingThrowableCollector.java:23)
	at io.cucumber.core.runtime.CucumberExecutionContext.runTestCase(CucumberExecutionContext.java:137)
	at io.cucumber.junit.platform.engine.CucumberEngineExecutionContext.runTestCase(CucumberEngineExecutionContext.java:109)
	at io.cucumber.junit.platform.engine.NodeDescriptor$PickleDescriptor.execute(NodeDescriptor.java:168)
	at io.cucumber.junit.platform.engine.NodeDescriptor$PickleDescriptor.execute(NodeDescriptor.java:90)
	at java.base/java.util.ArrayList.forEach(ArrayList.java:1604)
	at java.base/java.util.ArrayList.forEach(ArrayList.java:1604)

Order Item Management.Add item to non-existent order -- Time elapsed: 0.008 s <<< ERROR!
io.cucumber.core.runner.DuplicateStepDefinitionException: Duplicate step definitions in com.example.ordermanagement.cucumber.OrderQuerySteps.theOrderManagementSystemIsRunning() and com.example.ordermanagement.cucumber.OrderCreationSteps.theOrderManagementSystemIsRunning()
	at io.cucumber.core.runner.CachingGlue.lambda$prepareGlue$3(CachingGlue.java:278)
	at java.base/java.util.ArrayList.forEach(ArrayList.java:1604)
	at io.cucumber.core.runner.CachingGlue.prepareGlue(CachingGlue.java:272)
	at io.cucumber.core.runner.Runner.runPickle(Runner.java:72)
	at io.cucumber.junit.platform.engine.CucumberEngineExecutionContext.lambda$runTestCase$4(CucumberEngineExecutionContext.java:112)
	at io.cucumber.core.runtime.CucumberExecutionContext.lambda$runTestCase$5(CucumberExecutionContext.java:137)
	at io.cucumber.core.runtime.RethrowingThrowableCollector.executeAndThrow(RethrowingThrowableCollector.java:23)
	at io.cucumber.core.runtime.CucumberExecutionContext.runTestCase(CucumberExecutionContext.java:137)
	at io.cucumber.junit.platform.engine.CucumberEngineExecutionContext.runTestCase(CucumberEngineExecutionContext.java:109)
	at io.cucumber.junit.platform.engine.NodeDescriptor$PickleDescriptor.execute(NodeDescriptor.java:168)
	at io.cucumber.junit.platform.engine.NodeDescriptor$PickleDescriptor.execute(NodeDescriptor.java:90)
	at java.base/java.util.ArrayList.forEach(ArrayList.java:1604)
	at java.base/java.util.ArrayList.forEach(ArrayList.java:1604)

Order Queries.Retrieve order by ID -- Time elapsed: 0.008 s <<< ERROR!
io.cucumber.core.runner.DuplicateStepDefinitionException: Duplicate step definitions in com.example.ordermanagement.cucumber.OrderQuerySteps.theOrderManagementSystemIsRunning() and com.example.ordermanagement.cucumber.OrderCreationSteps.theOrderManagementSystemIsRunning()
	at io.cucumber.core.runner.CachingGlue.lambda$prepareGlue$3(CachingGlue.java:278)
	at java.base/java.util.ArrayList.forEach(ArrayList.java:1604)
	at io.cucumber.core.runner.CachingGlue.prepareGlue(CachingGlue.java:272)
	at io.cucumber.core.runner.Runner.runPickle(Runner.java:72)
	at io.cucumber.junit.platform.engine.CucumberEngineExecutionContext.lambda$runTestCase$4(CucumberEngineExecutionContext.java:112)
	at io.cucumber.core.runtime.CucumberExecutionContext.lambda$runTestCase$5(CucumberExecutionContext.java:137)
	at io.cucumber.core.runtime.RethrowingThrowableCollector.executeAndThrow(RethrowingThrowableCollector.java:23)
	at io.cucumber.core.runtime.CucumberExecutionContext.runTestCase(CucumberExecutionContext.java:137)
	at io.cucumber.junit.platform.engine.CucumberEngineExecutionContext.runTestCase(CucumberEngineExecutionContext.java:109)
	at io.cucumber.junit.platform.engine.NodeDescriptor$PickleDescriptor.execute(NodeDescriptor.java:168)
	at io.cucumber.junit.platform.engine.NodeDescriptor$PickleDescriptor.execute(NodeDescriptor.java:90)
	at java.base/java.util.ArrayList.forEach(ArrayList.java:1604)
	at java.base/java.util.ArrayList.forEach(ArrayList.java:1604)

Order Queries.Retrieve non-existent order by ID -- Time elapsed: 0.008 s <<< ERROR!
io.cucumber.core.runner.DuplicateStepDefinitionException: Duplicate step definitions in com.example.ordermanagement.cucumber.OrderQuerySteps.theOrderManagementSystemIsRunning() and com.example.ordermanagement.cucumber.OrderCreationSteps.theOrderManagementSystemIsRunning()
	at io.cucumber.core.runner.CachingGlue.lambda$prepareGlue$3(CachingGlue.java:278)
	at java.base/java.util.ArrayList.forEach(ArrayList.java:1604)
	at io.cucumber.core.runner.CachingGlue.prepareGlue(CachingGlue.java:272)
	at io.cucumber.core.runner.Runner.runPickle(Runner.java:72)
	at io.cucumber.junit.platform.engine.CucumberEngineExecutionContext.lambda$runTestCase$4(CucumberEngineExecutionContext.java:112)
	at io.cucumber.core.runtime.CucumberExecutionContext.lambda$runTestCase$5(CucumberExecutionContext.java:137)
	at io.cucumber.core.runtime.RethrowingThrowableCollector.executeAndThrow(RethrowingThrowableCollector.java:23)
	at io.cucumber.core.runtime.CucumberExecutionContext.runTestCase(CucumberExecutionContext.java:137)
	at io.cucumber.junit.platform.engine.CucumberEngineExecutionContext.runTestCase(CucumberEngineExecutionContext.java:109)
	at io.cucumber.junit.platform.engine.NodeDescriptor$PickleDescriptor.execute(NodeDescriptor.java:168)
	at io.cucumber.junit.platform.engine.NodeDescriptor$PickleDescriptor.execute(NodeDescriptor.java:90)
	at java.base/java.util.ArrayList.forEach(ArrayList.java:1604)
	at java.base/java.util.ArrayList.forEach(ArrayList.java:1604)

Order Queries.Retrieve all orders -- Time elapsed: 0.007 s <<< ERROR!
io.cucumber.core.runner.DuplicateStepDefinitionException: Duplicate step definitions in com.example.ordermanagement.cucumber.OrderQuerySteps.theOrderManagementSystemIsRunning() and com.example.ordermanagement.cucumber.OrderCreationSteps.theOrderManagementSystemIsRunning()
	at io.cucumber.core.runner.CachingGlue.lambda$prepareGlue$3(CachingGlue.java:278)
	at java.base/java.util.ArrayList.forEach(ArrayList.java:1604)
	at io.cucumber.core.runner.CachingGlue.prepareGlue(CachingGlue.java:272)
	at io.cucumber.core.runner.Runner.runPickle(Runner.java:72)
	at io.cucumber.junit.platform.engine.CucumberEngineExecutionContext.lambda$runTestCase$4(CucumberEngineExecutionContext.java:112)
	at io.cucumber.core.runtime.CucumberExecutionContext.lambda$runTestCase$5(CucumberExecutionContext.java:137)
	at io.cucumber.core.runtime.RethrowingThrowableCollector.executeAndThrow(RethrowingThrowableCollector.java:23)
	at io.cucumber.core.runtime.CucumberExecutionContext.runTestCase(CucumberExecutionContext.java:137)
	at io.cucumber.junit.platform.engine.CucumberEngineExecutionContext.runTestCase(CucumberEngineExecutionContext.java:109)
	at io.cucumber.junit.platform.engine.NodeDescriptor$PickleDescriptor.execute(NodeDescriptor.java:168)
	at io.cucumber.junit.platform.engine.NodeDescriptor$PickleDescriptor.execute(NodeDescriptor.java:90)
	at java.base/java.util.ArrayList.forEach(ArrayList.java:1604)
	at java.base/java.util.ArrayList.forEach(ArrayList.java:1604)

Order Queries.Retrieve orders by customer ID -- Time elapsed: 0.007 s <<< ERROR!
io.cucumber.core.runner.DuplicateStepDefinitionException: Duplicate step definitions in com.example.ordermanagement.cucumber.OrderQuerySteps.theOrderManagementSystemIsRunning() and com.example.ordermanagement.cucumber.OrderCreationSteps.theOrderManagementSystemIsRunning()
	at io.cucumber.core.runner.CachingGlue.lambda$prepareGlue$3(CachingGlue.java:278)
	at java.base/java.util.ArrayList.forEach(ArrayList.java:1604)
	at io.cucumber.core.runner.CachingGlue.prepareGlue(CachingGlue.java:272)
	at io.cucumber.core.runner.Runner.runPickle(Runner.java:72)
	at io.cucumber.junit.platform.engine.CucumberEngineExecutionContext.lambda$runTestCase$4(CucumberEngineExecutionContext.java:112)
	at io.cucumber.core.runtime.CucumberExecutionContext.lambda$runTestCase$5(CucumberExecutionContext.java:137)
	at io.cucumber.core.runtime.RethrowingThrowableCollector.executeAndThrow(RethrowingThrowableCollector.java:23)
	at io.cucumber.core.runtime.CucumberExecutionContext.runTestCase(CucumberExecutionContext.java:137)
	at io.cucumber.junit.platform.engine.CucumberEngineExecutionContext.runTestCase(CucumberEngineExecutionContext.java:109)
	at io.cucumber.junit.platform.engine.NodeDescriptor$PickleDescriptor.execute(NodeDescriptor.java:168)
	at io.cucumber.junit.platform.engine.NodeDescriptor$PickleDescriptor.execute(NodeDescriptor.java:90)
	at java.base/java.util.ArrayList.forEach(ArrayList.java:1604)
	at java.base/java.util.ArrayList.forEach(ArrayList.java:1604)

Order Queries.Retrieve orders by status -- Time elapsed: 0.008 s <<< ERROR!
io.cucumber.core.runner.DuplicateStepDefinitionException: Duplicate step definitions in com.example.ordermanagement.cucumber.OrderQuerySteps.theOrderManagementSystemIsRunning() and com.example.ordermanagement.cucumber.OrderCreationSteps.theOrderManagementSystemIsRunning()
	at io.cucumber.core.runner.CachingGlue.lambda$prepareGlue$3(CachingGlue.java:278)
	at java.base/java.util.ArrayList.forEach(ArrayList.java:1604)
	at io.cucumber.core.runner.CachingGlue.prepareGlue(CachingGlue.java:272)
	at io.cucumber.core.runner.Runner.runPickle(Runner.java:72)
	at io.cucumber.junit.platform.engine.CucumberEngineExecutionContext.lambda$runTestCase$4(CucumberEngineExecutionContext.java:112)
	at io.cucumber.core.runtime.CucumberExecutionContext.lambda$runTestCase$5(CucumberExecutionContext.java:137)
	at io.cucumber.core.runtime.RethrowingThrowableCollector.executeAndThrow(RethrowingThrowableCollector.java:23)
	at io.cucumber.core.runtime.CucumberExecutionContext.runTestCase(CucumberExecutionContext.java:137)
	at io.cucumber.junit.platform.engine.CucumberEngineExecutionContext.runTestCase(CucumberEngineExecutionContext.java:109)
	at io.cucumber.junit.platform.engine.NodeDescriptor$PickleDescriptor.execute(NodeDescriptor.java:168)
	at io.cucumber.junit.platform.engine.NodeDescriptor$PickleDescriptor.execute(NodeDescriptor.java:90)
	at java.base/java.util.ArrayList.forEach(ArrayList.java:1604)
	at java.base/java.util.ArrayList.forEach(ArrayList.java:1604)

Order Queries.Search orders by customer name -- Time elapsed: 0.011 s <<< ERROR!
io.cucumber.core.runner.DuplicateStepDefinitionException: Duplicate step definitions in com.example.ordermanagement.cucumber.OrderQuerySteps.theOrderManagementSystemIsRunning() and com.example.ordermanagement.cucumber.OrderCreationSteps.theOrderManagementSystemIsRunning()
	at io.cucumber.core.runner.CachingGlue.lambda$prepareGlue$3(CachingGlue.java:278)
	at java.base/java.util.ArrayList.forEach(ArrayList.java:1604)
	at io.cucumber.core.runner.CachingGlue.prepareGlue(CachingGlue.java:272)
	at io.cucumber.core.runner.Runner.runPickle(Runner.java:72)
	at io.cucumber.junit.platform.engine.CucumberEngineExecutionContext.lambda$runTestCase$4(CucumberEngineExecutionContext.java:112)
	at io.cucumber.core.runtime.CucumberExecutionContext.lambda$runTestCase$5(CucumberExecutionContext.java:137)
	at io.cucumber.core.runtime.RethrowingThrowableCollector.executeAndThrow(RethrowingThrowableCollector.java:23)
	at io.cucumber.core.runtime.CucumberExecutionContext.runTestCase(CucumberExecutionContext.java:137)
	at io.cucumber.junit.platform.engine.CucumberEngineExecutionContext.runTestCase(CucumberEngineExecutionContext.java:109)
	at io.cucumber.junit.platform.engine.NodeDescriptor$PickleDescriptor.execute(NodeDescriptor.java:168)
	at io.cucumber.junit.platform.engine.NodeDescriptor$PickleDescriptor.execute(NodeDescriptor.java:90)
	at java.base/java.util.ArrayList.forEach(ArrayList.java:1604)
	at java.base/java.util.ArrayList.forEach(ArrayList.java:1604)

Order Queries.Retrieve orders by minimum amount -- Time elapsed: 0.006 s <<< ERROR!
io.cucumber.core.runner.DuplicateStepDefinitionException: Duplicate step definitions in com.example.ordermanagement.cucumber.OrderQuerySteps.theOrderManagementSystemIsRunning() and com.example.ordermanagement.cucumber.OrderCreationSteps.theOrderManagementSystemIsRunning()
	at io.cucumber.core.runner.CachingGlue.lambda$prepareGlue$3(CachingGlue.java:278)
	at java.base/java.util.ArrayList.forEach(ArrayList.java:1604)
	at io.cucumber.core.runner.CachingGlue.prepareGlue(CachingGlue.java:272)
	at io.cucumber.core.runner.Runner.runPickle(Runner.java:72)
	at io.cucumber.junit.platform.engine.CucumberEngineExecutionContext.lambda$runTestCase$4(CucumberEngineExecutionContext.java:112)
	at io.cucumber.core.runtime.CucumberExecutionContext.lambda$runTestCase$5(CucumberExecutionContext.java:137)
	at io.cucumber.core.runtime.RethrowingThrowableCollector.executeAndThrow(RethrowingThrowableCollector.java:23)
	at io.cucumber.core.runtime.CucumberExecutionContext.runTestCase(CucumberExecutionContext.java:137)
	at io.cucumber.junit.platform.engine.CucumberEngineExecutionContext.runTestCase(CucumberEngineExecutionContext.java:109)
	at io.cucumber.junit.platform.engine.NodeDescriptor$PickleDescriptor.execute(NodeDescriptor.java:168)
	at io.cucumber.junit.platform.engine.NodeDescriptor$PickleDescriptor.execute(NodeDescriptor.java:90)
	at java.base/java.util.ArrayList.forEach(ArrayList.java:1604)
	at java.base/java.util.ArrayList.forEach(ArrayList.java:1604)

Order Queries.Get order count by status -- Time elapsed: 0.006 s <<< ERROR!
io.cucumber.core.runner.DuplicateStepDefinitionException: Duplicate step definitions in com.example.ordermanagement.cucumber.OrderQuerySteps.theOrderManagementSystemIsRunning() and com.example.ordermanagement.cucumber.OrderCreationSteps.theOrderManagementSystemIsRunning()
	at io.cucumber.core.runner.CachingGlue.lambda$prepareGlue$3(CachingGlue.java:278)
	at java.base/java.util.ArrayList.forEach(ArrayList.java:1604)
	at io.cucumber.core.runner.CachingGlue.prepareGlue(CachingGlue.java:272)
	at io.cucumber.core.runner.Runner.runPickle(Runner.java:72)
	at io.cucumber.junit.platform.engine.CucumberEngineExecutionContext.lambda$runTestCase$4(CucumberEngineExecutionContext.java:112)
	at io.cucumber.core.runtime.CucumberExecutionContext.lambda$runTestCase$5(CucumberExecutionContext.java:137)
	at io.cucumber.core.runtime.RethrowingThrowableCollector.executeAndThrow(RethrowingThrowableCollector.java:23)
	at io.cucumber.core.runtime.CucumberExecutionContext.runTestCase(CucumberExecutionContext.java:137)
	at io.cucumber.junit.platform.engine.CucumberEngineExecutionContext.runTestCase(CucumberEngineExecutionContext.java:109)
	at io.cucumber.junit.platform.engine.NodeDescriptor$PickleDescriptor.execute(NodeDescriptor.java:168)
	at io.cucumber.junit.platform.engine.NodeDescriptor$PickleDescriptor.execute(NodeDescriptor.java:90)
	at java.base/java.util.ArrayList.forEach(ArrayList.java:1604)
	at java.base/java.util.ArrayList.forEach(ArrayList.java:1604)

Order Queries.Get average order value by status -- Time elapsed: 0.005 s <<< ERROR!
io.cucumber.core.runner.DuplicateStepDefinitionException: Duplicate step definitions in com.example.ordermanagement.cucumber.OrderQuerySteps.theOrderManagementSystemIsRunning() and com.example.ordermanagement.cucumber.OrderCreationSteps.theOrderManagementSystemIsRunning()
	at io.cucumber.core.runner.CachingGlue.lambda$prepareGlue$3(CachingGlue.java:278)
	at java.base/java.util.ArrayList.forEach(ArrayList.java:1604)
	at io.cucumber.core.runner.CachingGlue.prepareGlue(CachingGlue.java:272)
	at io.cucumber.core.runner.Runner.runPickle(Runner.java:72)
	at io.cucumber.junit.platform.engine.CucumberEngineExecutionContext.lambda$runTestCase$4(CucumberEngineExecutionContext.java:112)
	at io.cucumber.core.runtime.CucumberExecutionContext.lambda$runTestCase$5(CucumberExecutionContext.java:137)
	at io.cucumber.core.runtime.RethrowingThrowableCollector.executeAndThrow(RethrowingThrowableCollector.java:23)
	at io.cucumber.core.runtime.CucumberExecutionContext.runTestCase(CucumberExecutionContext.java:137)
	at io.cucumber.junit.platform.engine.CucumberEngineExecutionContext.runTestCase(CucumberEngineExecutionContext.java:109)
	at io.cucumber.junit.platform.engine.NodeDescriptor$PickleDescriptor.execute(NodeDescriptor.java:168)
	at io.cucumber.junit.platform.engine.NodeDescriptor$PickleDescriptor.execute(NodeDescriptor.java:90)
	at java.base/java.util.ArrayList.forEach(ArrayList.java:1604)
	at java.base/java.util.ArrayList.forEach(ArrayList.java:1604)

Order Queries.Get average order value for status with no orders -- Time elapsed: 0.006 s <<< ERROR!
io.cucumber.core.runner.DuplicateStepDefinitionException: Duplicate step definitions in com.example.ordermanagement.cucumber.OrderQuerySteps.theOrderManagementSystemIsRunning() and com.example.ordermanagement.cucumber.OrderCreationSteps.theOrderManagementSystemIsRunning()
	at io.cucumber.core.runner.CachingGlue.lambda$prepareGlue$3(CachingGlue.java:278)
	at java.base/java.util.ArrayList.forEach(ArrayList.java:1604)
	at io.cucumber.core.runner.CachingGlue.prepareGlue(CachingGlue.java:272)
	at io.cucumber.core.runner.Runner.runPickle(Runner.java:72)
	at io.cucumber.junit.platform.engine.CucumberEngineExecutionContext.lambda$runTestCase$4(CucumberEngineExecutionContext.java:112)
	at io.cucumber.core.runtime.CucumberExecutionContext.lambda$runTestCase$5(CucumberExecutionContext.java:137)
	at io.cucumber.core.runtime.RethrowingThrowableCollector.executeAndThrow(RethrowingThrowableCollector.java:23)
	at io.cucumber.core.runtime.CucumberExecutionContext.runTestCase(CucumberExecutionContext.java:137)
	at io.cucumber.junit.platform.engine.CucumberEngineExecutionContext.runTestCase(CucumberEngineExecutionContext.java:109)
	at io.cucumber.junit.platform.engine.NodeDescriptor$PickleDescriptor.execute(NodeDescriptor.java:168)
	at io.cucumber.junit.platform.engine.NodeDescriptor$PickleDescriptor.execute(NodeDescriptor.java:90)
	at java.base/java.util.ArrayList.forEach(ArrayList.java:1604)
	at java.base/java.util.ArrayList.forEach(ArrayList.java:1604)

Order Status Workflow.Complete order workflow from creation to shipment -- Time elapsed: 0.005 s <<< ERROR!
io.cucumber.core.runner.DuplicateStepDefinitionException: Duplicate step definitions in com.example.ordermanagement.cucumber.OrderQuerySteps.theOrderManagementSystemIsRunning() and com.example.ordermanagement.cucumber.OrderCreationSteps.theOrderManagementSystemIsRunning()
	at io.cucumber.core.runner.CachingGlue.lambda$prepareGlue$3(CachingGlue.java:278)
	at java.base/java.util.ArrayList.forEach(ArrayList.java:1604)
	at io.cucumber.core.runner.CachingGlue.prepareGlue(CachingGlue.java:272)
	at io.cucumber.core.runner.Runner.runPickle(Runner.java:72)
	at io.cucumber.junit.platform.engine.CucumberEngineExecutionContext.lambda$runTestCase$4(CucumberEngineExecutionContext.java:112)
	at io.cucumber.core.runtime.CucumberExecutionContext.lambda$runTestCase$5(CucumberExecutionContext.java:137)
	at io.cucumber.core.runtime.RethrowingThrowableCollector.executeAndThrow(RethrowingThrowableCollector.java:23)
	at io.cucumber.core.runtime.CucumberExecutionContext.runTestCase(CucumberExecutionContext.java:137)
	at io.cucumber.junit.platform.engine.CucumberEngineExecutionContext.runTestCase(CucumberEngineExecutionContext.java:109)
	at io.cucumber.junit.platform.engine.NodeDescriptor$PickleDescriptor.execute(NodeDescriptor.java:168)
	at io.cucumber.junit.platform.engine.NodeDescriptor$PickleDescriptor.execute(NodeDescriptor.java:90)
	at java.base/java.util.ArrayList.forEach(ArrayList.java:1604)
	at java.base/java.util.ArrayList.forEach(ArrayList.java:1604)

Order Status Workflow.Cancel an order in CREATED status -- Time elapsed: 0.006 s <<< ERROR!
io.cucumber.core.runner.DuplicateStepDefinitionException: Duplicate step definitions in com.example.ordermanagement.cucumber.OrderQuerySteps.theOrderManagementSystemIsRunning() and com.example.ordermanagement.cucumber.OrderCreationSteps.theOrderManagementSystemIsRunning()
	at io.cucumber.core.runner.CachingGlue.lambda$prepareGlue$3(CachingGlue.java:278)
	at java.base/java.util.ArrayList.forEach(ArrayList.java:1604)
	at io.cucumber.core.runner.CachingGlue.prepareGlue(CachingGlue.java:272)
	at io.cucumber.core.runner.Runner.runPickle(Runner.java:72)
	at io.cucumber.junit.platform.engine.CucumberEngineExecutionContext.lambda$runTestCase$4(CucumberEngineExecutionContext.java:112)
	at io.cucumber.core.runtime.CucumberExecutionContext.lambda$runTestCase$5(CucumberExecutionContext.java:137)
	at io.cucumber.core.runtime.RethrowingThrowableCollector.executeAndThrow(RethrowingThrowableCollector.java:23)
	at io.cucumber.core.runtime.CucumberExecutionContext.runTestCase(CucumberExecutionContext.java:137)
	at io.cucumber.junit.platform.engine.CucumberEngineExecutionContext.runTestCase(CucumberEngineExecutionContext.java:109)
	at io.cucumber.junit.platform.engine.NodeDescriptor$PickleDescriptor.execute(NodeDescriptor.java:168)
	at io.cucumber.junit.platform.engine.NodeDescriptor$PickleDescriptor.execute(NodeDescriptor.java:90)
	at java.base/java.util.ArrayList.forEach(ArrayList.java:1604)
	at java.base/java.util.ArrayList.forEach(ArrayList.java:1604)

Order Status Workflow.Cancel an order in CONFIRMED status -- Time elapsed: 0.006 s <<< ERROR!
io.cucumber.core.runner.DuplicateStepDefinitionException: Duplicate step definitions in com.example.ordermanagement.cucumber.OrderQuerySteps.theOrderManagementSystemIsRunning() and com.example.ordermanagement.cucumber.OrderCreationSteps.theOrderManagementSystemIsRunning()
	at io.cucumber.core.runner.CachingGlue.lambda$prepareGlue$3(CachingGlue.java:278)
	at java.base/java.util.ArrayList.forEach(ArrayList.java:1604)
	at io.cucumber.core.runner.CachingGlue.prepareGlue(CachingGlue.java:272)
	at io.cucumber.core.runner.Runner.runPickle(Runner.java:72)
	at io.cucumber.junit.platform.engine.CucumberEngineExecutionContext.lambda$runTestCase$4(CucumberEngineExecutionContext.java:112)
	at io.cucumber.core.runtime.CucumberExecutionContext.lambda$runTestCase$5(CucumberExecutionContext.java:137)
	at io.cucumber.core.runtime.RethrowingThrowableCollector.executeAndThrow(RethrowingThrowableCollector.java:23)
	at io.cucumber.core.runtime.CucumberExecutionContext.runTestCase(CucumberExecutionContext.java:137)
	at io.cucumber.junit.platform.engine.CucumberEngineExecutionContext.runTestCase(CucumberEngineExecutionContext.java:109)
	at io.cucumber.junit.platform.engine.NodeDescriptor$PickleDescriptor.execute(NodeDescriptor.java:168)
	at io.cucumber.junit.platform.engine.NodeDescriptor$PickleDescriptor.execute(NodeDescriptor.java:90)
	at java.base/java.util.ArrayList.forEach(ArrayList.java:1604)
	at java.base/java.util.ArrayList.forEach(ArrayList.java:1604)

Order Status Workflow.Attempt to cancel a shipped order -- Time elapsed: 0.006 s <<< ERROR!
io.cucumber.core.runner.DuplicateStepDefinitionException: Duplicate step definitions in com.example.ordermanagement.cucumber.OrderQuerySteps.theOrderManagementSystemIsRunning() and com.example.ordermanagement.cucumber.OrderCreationSteps.theOrderManagementSystemIsRunning()
	at io.cucumber.core.runner.CachingGlue.lambda$prepareGlue$3(CachingGlue.java:278)
	at java.base/java.util.ArrayList.forEach(ArrayList.java:1604)
	at io.cucumber.core.runner.CachingGlue.prepareGlue(CachingGlue.java:272)
	at io.cucumber.core.runner.Runner.runPickle(Runner.java:72)
	at io.cucumber.junit.platform.engine.CucumberEngineExecutionContext.lambda$runTestCase$4(CucumberEngineExecutionContext.java:112)
	at io.cucumber.core.runtime.CucumberExecutionContext.lambda$runTestCase$5(CucumberExecutionContext.java:137)
	at io.cucumber.core.runtime.RethrowingThrowableCollector.executeAndThrow(RethrowingThrowableCollector.java:23)
	at io.cucumber.core.runtime.CucumberExecutionContext.runTestCase(CucumberExecutionContext.java:137)
	at io.cucumber.junit.platform.engine.CucumberEngineExecutionContext.runTestCase(CucumberEngineExecutionContext.java:109)
	at io.cucumber.junit.platform.engine.NodeDescriptor$PickleDescriptor.execute(NodeDescriptor.java:168)
	at io.cucumber.junit.platform.engine.NodeDescriptor$PickleDescriptor.execute(NodeDescriptor.java:90)
	at java.base/java.util.ArrayList.forEach(ArrayList.java:1604)
	at java.base/java.util.ArrayList.forEach(ArrayList.java:1604)

Order Status Workflow.Attempt to confirm an already confirmed order -- Time elapsed: 0.004 s <<< ERROR!
io.cucumber.core.runner.DuplicateStepDefinitionException: Duplicate step definitions in com.example.ordermanagement.cucumber.OrderQuerySteps.theOrderManagementSystemIsRunning() and com.example.ordermanagement.cucumber.OrderCreationSteps.theOrderManagementSystemIsRunning()
	at io.cucumber.core.runner.CachingGlue.lambda$prepareGlue$3(CachingGlue.java:278)
	at java.base/java.util.ArrayList.forEach(ArrayList.java:1604)
	at io.cucumber.core.runner.CachingGlue.prepareGlue(CachingGlue.java:272)
	at io.cucumber.core.runner.Runner.runPickle(Runner.java:72)
	at io.cucumber.junit.platform.engine.CucumberEngineExecutionContext.lambda$runTestCase$4(CucumberEngineExecutionContext.java:112)
	at io.cucumber.core.runtime.CucumberExecutionContext.lambda$runTestCase$5(CucumberExecutionContext.java:137)
	at io.cucumber.core.runtime.RethrowingThrowableCollector.executeAndThrow(RethrowingThrowableCollector.java:23)
	at io.cucumber.core.runtime.CucumberExecutionContext.runTestCase(CucumberExecutionContext.java:137)
	at io.cucumber.junit.platform.engine.CucumberEngineExecutionContext.runTestCase(CucumberEngineExecutionContext.java:109)
	at io.cucumber.junit.platform.engine.NodeDescriptor$PickleDescriptor.execute(NodeDescriptor.java:168)
	at io.cucumber.junit.platform.engine.NodeDescriptor$PickleDescriptor.execute(NodeDescriptor.java:90)
	at java.base/java.util.ArrayList.forEach(ArrayList.java:1604)
	at java.base/java.util.ArrayList.forEach(ArrayList.java:1604)

Order Status Workflow.Attempt to process an unconfirmed order -- Time elapsed: 0.006 s <<< ERROR!
io.cucumber.core.runner.DuplicateStepDefinitionException: Duplicate step definitions in com.example.ordermanagement.cucumber.OrderQuerySteps.theOrderManagementSystemIsRunning() and com.example.ordermanagement.cucumber.OrderCreationSteps.theOrderManagementSystemIsRunning()
	at io.cucumber.core.runner.CachingGlue.lambda$prepareGlue$3(CachingGlue.java:278)
	at java.base/java.util.ArrayList.forEach(ArrayList.java:1604)
	at io.cucumber.core.runner.CachingGlue.prepareGlue(CachingGlue.java:272)
	at io.cucumber.core.runner.Runner.runPickle(Runner.java:72)
	at io.cucumber.junit.platform.engine.CucumberEngineExecutionContext.lambda$runTestCase$4(CucumberEngineExecutionContext.java:112)
	at io.cucumber.core.runtime.CucumberExecutionContext.lambda$runTestCase$5(CucumberExecutionContext.java:137)
	at io.cucumber.core.runtime.RethrowingThrowableCollector.executeAndThrow(RethrowingThrowableCollector.java:23)
	at io.cucumber.core.runtime.CucumberExecutionContext.runTestCase(CucumberExecutionContext.java:137)
	at io.cucumber.junit.platform.engine.CucumberEngineExecutionContext.runTestCase(CucumberEngineExecutionContext.java:109)
	at io.cucumber.junit.platform.engine.NodeDescriptor$PickleDescriptor.execute(NodeDescriptor.java:168)
	at io.cucumber.junit.platform.engine.NodeDescriptor$PickleDescriptor.execute(NodeDescriptor.java:90)
	at java.base/java.util.ArrayList.forEach(ArrayList.java:1604)
	at java.base/java.util.ArrayList.forEach(ArrayList.java:1604)

Order Status Workflow.Attempt to ship an unprocessed order -- Time elapsed: 0.005 s <<< ERROR!
io.cucumber.core.runner.DuplicateStepDefinitionException: Duplicate step definitions in com.example.ordermanagement.cucumber.OrderQuerySteps.theOrderManagementSystemIsRunning() and com.example.ordermanagement.cucumber.OrderCreationSteps.theOrderManagementSystemIsRunning()
	at io.cucumber.core.runner.CachingGlue.lambda$prepareGlue$3(CachingGlue.java:278)
	at java.base/java.util.ArrayList.forEach(ArrayList.java:1604)
	at io.cucumber.core.runner.CachingGlue.prepareGlue(CachingGlue.java:272)
	at io.cucumber.core.runner.Runner.runPickle(Runner.java:72)
	at io.cucumber.junit.platform.engine.CucumberEngineExecutionContext.lambda$runTestCase$4(CucumberEngineExecutionContext.java:112)
	at io.cucumber.core.runtime.CucumberExecutionContext.lambda$runTestCase$5(CucumberExecutionContext.java:137)
	at io.cucumber.core.runtime.RethrowingThrowableCollector.executeAndThrow(RethrowingThrowableCollector.java:23)
	at io.cucumber.core.runtime.CucumberExecutionContext.runTestCase(CucumberExecutionContext.java:137)
	at io.cucumber.junit.platform.engine.CucumberEngineExecutionContext.runTestCase(CucumberEngineExecutionContext.java:109)
	at io.cucumber.junit.platform.engine.NodeDescriptor$PickleDescriptor.execute(NodeDescriptor.java:168)
	at io.cucumber.junit.platform.engine.NodeDescriptor$PickleDescriptor.execute(NodeDescriptor.java:90)
	at java.base/java.util.ArrayList.forEach(ArrayList.java:1604)
	at java.base/java.util.ArrayList.forEach(ArrayList.java:1604)

Order Status Workflow.Ship order without tracking number -- Time elapsed: 0.005 s <<< ERROR!
io.cucumber.core.runner.DuplicateStepDefinitionException: Duplicate step definitions in com.example.ordermanagement.cucumber.OrderQuerySteps.theOrderManagementSystemIsRunning() and com.example.ordermanagement.cucumber.OrderCreationSteps.theOrderManagementSystemIsRunning()
	at io.cucumber.core.runner.CachingGlue.lambda$prepareGlue$3(CachingGlue.java:278)
	at java.base/java.util.ArrayList.forEach(ArrayList.java:1604)
	at io.cucumber.core.runner.CachingGlue.prepareGlue(CachingGlue.java:272)
	at io.cucumber.core.runner.Runner.runPickle(Runner.java:72)
	at io.cucumber.junit.platform.engine.CucumberEngineExecutionContext.lambda$runTestCase$4(CucumberEngineExecutionContext.java:112)
	at io.cucumber.core.runtime.CucumberExecutionContext.lambda$runTestCase$5(CucumberExecutionContext.java:137)
	at io.cucumber.core.runtime.RethrowingThrowableCollector.executeAndThrow(RethrowingThrowableCollector.java:23)
	at io.cucumber.core.runtime.CucumberExecutionContext.runTestCase(CucumberExecutionContext.java:137)
	at io.cucumber.junit.platform.engine.CucumberEngineExecutionContext.runTestCase(CucumberEngineExecutionContext.java:109)
	at io.cucumber.junit.platform.engine.NodeDescriptor$PickleDescriptor.execute(NodeDescriptor.java:168)
	at io.cucumber.junit.platform.engine.NodeDescriptor$PickleDescriptor.execute(NodeDescriptor.java:90)
	at java.base/java.util.ArrayList.forEach(ArrayList.java:1604)
	at java.base/java.util.ArrayList.forEach(ArrayList.java:1604)

