-------------------------------------------------------------------------------
Test set: com.example.ordermanagement.excel.MultiDayOrderLifecycleExcelTest
-------------------------------------------------------------------------------
Tests run: 1, Failures: 1, Errors: 0, Skipped: 0, Time elapsed: 13.956 s <<< FAILURE! - in com.example.ordermanagement.excel.MultiDayOrderLifecycleExcelTest
com.example.ordermanagement.excel.MultiDayOrderLifecycleExcelTest.testFullLifecycle_Day1ToDay3  Time elapsed: 1.3 s  <<< FAILURE!
org.opentest4j.AssertionFailedError: expected: <200> but was: <500>
	at org.junit.jupiter.api.AssertionFailureBuilder.build(AssertionFailureBuilder.java:151)
	at org.junit.jupiter.api.AssertionFailureBuilder.buildAndThrow(AssertionFailureBuilder.java:132)
	at org.junit.jupiter.api.AssertEquals.failNotEqual(AssertEquals.java:197)
	at org.junit.jupiter.api.AssertEquals.assertEquals(AssertEquals.java:150)
	at org.junit.jupiter.api.AssertEquals.assertEquals(AssertEquals.java:145)
	at org.junit.jupiter.api.Assertions.assertEquals(Assertions.java:531)
	at com.example.ordermanagement.excel.MultiDayOrderLifecycleExcelTest.executeAddItem(MultiDayOrderLifecycleExcelTest.java:288)
	at com.example.ordermanagement.excel.MultiDayOrderLifecycleExcelTest.executeStep(MultiDayOrderLifecycleExcelTest.java:216)
	at com.example.ordermanagement.excel.MultiDayOrderLifecycleExcelTest.testFullLifecycle_Day1ToDay3(MultiDayOrderLifecycleExcelTest.java:162)
	at java.base/java.lang.reflect.Method.invoke(Method.java:569)
	at java.base/java.util.ArrayList.forEach(ArrayList.java:1511)
	at java.base/java.util.ArrayList.forEach(ArrayList.java:1511)

