<?xml version="1.0" encoding="UTF-8"?>
<testsuite xmlns:xsi="http://www.w3.org/2001/XMLSchema-instance" xsi:noNamespaceSchemaLocation="https://maven.apache.org/surefire/maven-surefire-plugin/xsd/surefire-test-report-3.0.xsd" version="3.0" name="com.example.ordermanagement.e2e.OrderE2ETestDemo" time="0.135" tests="3" errors="0" skipped="0" failures="0">
  <properties>
[...]
</properties>
  <testcase name="demonstrateCreateOrderFlow" classname="com.example.ordermanagement.e2e.OrderE2ETestDemo" time="0.049">
    <system-out><![CDATA[
============================================================
E2E TEST FLOW DEMONSTRATION
============================================================

📋 TEST: User creates order through UI
────────────────────────────────────────────────────────────

1️⃣  SETUP:
   • Spring Boot starts on random port (e.g., 3117)
   • Chrome browser opens (headless mode)
   • Database is cleaned

2️⃣  NAVIGATE TO CREATE PAGE:
   driver.get('http://localhost:3117/create')
   → Browser loads React app
   → React renders OrderForm component
   → HTML form is displayed

3️⃣  FILL FORM (Simulates User Typing):
   driver.findElement(By.id('customerId'))
     .sendKeys('CUST-E2E-001')
   → Browser types into input field
   → React state updates
   → Same as real user typing!

4️⃣  SUBMIT FORM (Simulates User Clicking):
   driver.findElement(By.cssSelector('button[type=submit]'))
     .click()
   → Browser clicks button
   → React onSubmit handler fires
   → Frontend: POST /api/orders
   → Backend: CommandGateway.send(CreateOrderCommand)
   → Aggregate: Publishes OrderCreatedEvent
   → Event Handler: Updates read model
   → React: Navigates to /orders/{orderId}

5️⃣  VERIFY RESULTS:
   wait.until(ExpectedConditions.urlContains('/orders/'))
   → Browser waits for navigation
   → React loads OrderDetails component
   → Frontend: GET /api/orders/{orderId}
   → Backend: Queries read model
   → React: Renders order details
   → Browser: Finds status badge element
   → Assert: statusBadge.getText().contains('CREATED')

✅ TEST PASSES!
   • UI rendered correctly
   • Form submission worked
   • Backend processed command
   • Event was published
   • Read model was updated
   • UI displays correct data

============================================================
This demonstrates what OrderE2ETest does with a real browser!
============================================================

]]></system-out>
  </testcase>
  <testcase name="demonstrateE2EAdvantages" classname="com.example.ordermanagement.e2e.OrderE2ETestDemo" time="0.022">
    <system-out><![CDATA[
============================================================
E2E TESTS vs API TESTS
============================================================

🔵 API TESTS (FullStackIntegrationTest):
   ✅ Fast execution
   ✅ Reliable (no browser dependencies)
   ✅ Easy to maintain
   ✅ Tests backend logic
   ❌ Doesn't test UI rendering
   ❌ Doesn't test user interactions
   ❌ Doesn't test React components

🟢 E2E TESTS (OrderE2ETest):
   ✅ Tests actual UI rendering
   ✅ Tests user interactions (clicks, typing)
   ✅ Tests React component behavior
   ✅ Tests navigation and routing
   ✅ Tests form validation
   ✅ Highest confidence (real browser)
   ❌ Slower execution
   ❌ Requires browser installation
   ❌ Can be flaky (timing issues)

💡 RECOMMENDED APPROACH:
   • Use API tests for most scenarios (fast, reliable)
   • Use E2E tests for critical user journeys (high confidence)
   • Combine both for comprehensive coverage

============================================================

]]></system-out>
  </testcase>
  <testcase name="demonstrateCompleteLifecycleFlow" classname="com.example.ordermanagement.e2e.OrderE2ETestDemo" time="0.008">
    <system-out><![CDATA[
============================================================
COMPLETE ORDER LIFECYCLE E2E TEST
============================================================

📋 TEST: Complete order lifecycle (Create → Add Items → Confirm → Ship)
────────────────────────────────────────────────────────────

STEP 1: Create Order
   • User navigates to /create
   • Fills form: customerId, name, email, address
   • Clicks 'Create Order'
   • Browser navigates to /orders/{orderId}
   • UI shows: Status = CREATED

STEP 2: Add Items
   • User clicks 'Add Item' button
   • Form appears
   • User fills: productId, name, quantity, price
   • Clicks 'Add Item'
   • UI updates: Item appears in list
   • Backend: ItemAddedToOrderEvent published

STEP 3: Confirm Order
   • User clicks 'Confirm Order' button
   • Frontend: POST /api/orders/{orderId}/confirm
   • Backend: OrderConfirmedEvent published
   • UI updates: Status changes to CONFIRMED
   • Browser verifies: statusBadge shows 'CONFIRMED'

STEP 4: Process Order
   • User clicks 'Process Order' button
   • Frontend: POST /api/orders/{orderId}/process
   • Backend: OrderProcessedEvent published
   • UI updates: Status changes to PROCESSED

STEP 5: Ship Order
   • User clicks 'Ship Order' button
   • Form appears for tracking number
   • User enters: 'TRK123456789'
   • Clicks 'Ship'
   • Frontend: POST /api/orders/{orderId}/ship
   • Backend: OrderShippedEvent published
   • UI updates: Status = SHIPPED, Tracking displayed

✅ COMPLETE LIFECYCLE TEST PASSES!
   • All UI interactions worked
   • All backend commands processed
   • All events published
   • All state changes reflected in UI
   • Event sourcing maintained state correctly

============================================================

]]></system-out>
  </testcase>
</testsuite>