<?xml version="1.0" encoding="UTF-8"?>
<testsuite xmlns:xsi="http://www.w3.org/2001/XMLSchema-instance" xsi:noNamespaceSchemaLocation="https://maven.apache.org/surefire/maven-surefire-plugin/xsd/surefire-test-report-3.0.xsd" version="3.0" name="com.example.ordermanagement.cucumber.CucumberTestRunner" time="3.457" tests="27" errors="27" skipped="0" failures="0">
  <properties>
[...]
</properties>
  <testcase name="Create a new order with valid customer information" classname="Order Creation" time="3.047">
    <error message="Duplicate step definitions in com.example.ordermanagement.cucumber.OrderQuerySteps.theOrderManagementSystemIsRunning() and com.example.ordermanagement.cucumber.OrderCreationSteps.theOrderManagementSystemIsRunning()" type="io.cucumber.core.runner.DuplicateStepDefinitionException"><![CDATA[io.cucumber.core.runner.DuplicateStepDefinitionException: Duplicate step definitions in com.example.ordermanagement.cucumber.OrderQuerySteps.theOrderManagementSystemIsRunning() and com.example.ordermanagement.cucumber.OrderCreationSteps.theOrderManagementSystemIsRunning()
	at io.cucumber.core.runner.CachingGlue.lambda$prepareGlue$3(CachingGlue.java:278)
	at java.base/java.util.ArrayList.forEach(ArrayList.java:1604)
	at io.cucumber.core.runner.CachingGlue.prepareGlue(CachingGlue.java:272)
	at io.cucumber.core.runner.Runner.runPickle(Runner.java:72)
	at io.cucumber.junit.platform.engine.CucumberEngineExecutionContext.lambda$runTestCase$4(CucumberEngineExecutionContext.java:112)
	at io.cucumber.core.runtime.CucumberExecutionContext.lambda$runTestCase$5(CucumberExecutionContext.java:137)
	at io.cucumber.core.runtime.RethrowingThrowableCollector.executeAndThrow(RethrowingThrowableCollector.java:23)
	at io.cucumber.core.runtime.CucumberExecutionContext.runTestCase(CucumberExecutionContext.java:137)
	at io.cucumber.junit.platform.engine.CucumberEngineExecutionContext.runTestCase(CucumberEngineExecutionContext.java:109)
	at io.cucumber.junit.platform.engine.NodeDescriptor$PickleDescriptor.execute(NodeDescriptor.java:168)
	at io.cucumber.junit.platform.engine.NodeDescriptor$PickleDescriptor.execute(NodeDescriptor.java:90)
	at java.base/java.util.ArrayList.forEach(ArrayList.java:1604)
	at java.base/java.util.ArrayList.forEach(ArrayList.java:1604)
]]></error>
    <system-out><![CDATA[21:38:49.654 [main] INFO org.springframework.test.context.support.AnnotationConfigContextLoaderUtils -- Could not detect default configuration classes for test class [com.example.ordermanagement.cucumber.CucumberSpringConfiguration]: CucumberSpringConfiguration does not declare any static, non-private, non-final, nested classes annotated with @Configuration.
21:38:49.701 [main] INFO org.springframework.boot.test.context.SpringBootTestContextBootstrapper -- Found @SpringBootConfiguration com.example.ordermanagement.OrderManagementApplication for test class com.example.ordermanagement.cucumber.CucumberSpringConfiguration

  .   ____          _            __ _ _
 /\\ / ___'_ __ _ _(_)_ __  __ _ \ \ \ \
( ( )\___ | '_ | '_| | '_ \/ _` | \ \ \ \
 \\/  ___)| |_)| | | | | || (_| |  ) ) ) )
  '  |____| .__|_| |_|_| |_\__, | / / / /
 =========|_|==============|___/=/_/_/_/

 :: Spring Boot ::                (v3.5.0)

21:38:49.884 [main] INFO  c.e.o.c.CucumberSpringConfiguration - Starting CucumberSpringConfiguration using Java 24.0.1 with PID 1944 (started by nakuldesai in /Users/nakuldesai/projects/axon4-order-management)
21:38:49.885 [main] INFO  c.e.o.c.CucumberSpringConfiguration - The following 1 profile is active: "test"
21:38:49.923 [main] WARN  o.s.c.a.AnnotationTypeMapping - Support for convention-based annotation attribute overrides is deprecated and will be removed in Spring Framework 7.0. Please annotate the following attributes in @org.axonframework.spring.stereotype.Aggregate with appropriate @AliasFor declarations: [type]
21:38:49.925 [main] WARN  o.s.c.a.AnnotationTypeMapping - Support for convention-based annotation attribute overrides is deprecated and will be removed in Spring Framework 7.0. Please annotate the following attributes in @org.axonframework.commandhandling.CommandHandler with appropriate @AliasFor declarations: [payloadType]
21:38:49.926 [main] WARN  o.s.c.a.AnnotationTypeMapping - Support for convention-based annotation attribute overrides is deprecated and will be removed in Spring Framework 7.0. Please annotate the following attributes in @org.axonframework.eventsourcing.EventSourcingHandler with appropriate @AliasFor declarations: [payloadType]
21:38:49.926 [main] WARN  o.s.c.a.AnnotationTypeMapping - Support for convention-based annotation attribute overrides is deprecated and will be removed in Spring Framework 7.0. Please annotate the following attributes in @org.axonframework.eventsourcing.EventSourcingHandler with appropriate @AliasFor declarations: [payloadType]
21:38:49.946 [main] WARN  o.s.c.a.AnnotationTypeMapping - Support for convention-based annotation attribute overrides is deprecated and will be removed in Spring Framework 7.0. Please annotate the following attributes in @org.axonframework.eventhandling.EventHandler with appropriate @AliasFor declarations: [payloadType]
21:38:50.345 [main] INFO  o.s.d.r.c.RepositoryConfigurationDelegate - Bootstrapping Spring Data JPA repositories in DEFAULT mode.
21:38:50.377 [main] INFO  o.s.d.r.c.RepositoryConfigurationDelegate - Finished Spring Data repository scanning in 26 ms. Found 1 JPA repository interface.
21:38:50.568 [main] WARN  o.s.c.a.AnnotationTypeMapping - Support for convention-based annotation attribute overrides is deprecated and will be removed in Spring Framework 7.0. Please annotate the following attributes in @org.axonframework.modelling.command.AggregateIdentifier with appropriate @AliasFor declarations: [routingKey]
21:38:50.670 [main] INFO  o.h.jpa.internal.util.LogHelper - HHH000204: Processing PersistenceUnitInfo [name: default]
21:38:50.694 [main] INFO  org.hibernate.Version - HHH000412: Hibernate ORM core version 6.6.15.Final
21:38:50.709 [main] INFO  o.h.c.i.RegionFactoryInitiator - HHH000026: Second-level cache disabled
21:38:50.827 [main] INFO  o.s.o.j.p.SpringPersistenceUnitInfo - No LoadTimeWeaver setup: ignoring JPA class transformer
21:38:50.840 [main] INFO  com.zaxxer.hikari.HikariDataSource - HikariPool-1 - Starting...
21:38:50.909 [main] INFO  com.zaxxer.hikari.pool.HikariPool - HikariPool-1 - Added connection conn0: url=jdbc:h2:mem:testdb user=SA
21:38:50.910 [main] INFO  com.zaxxer.hikari.HikariDataSource - HikariPool-1 - Start completed.
21:38:50.922 [main] WARN  org.hibernate.orm.deprecation - HHH90000025: H2Dialect does not need to be specified explicitly using 'hibernate.dialect' (remove the property setting and it will be selected by default)
21:38:50.931 [main] INFO  o.hibernate.orm.connections.pooling - HHH10001005: Database info:
	Database JDBC URL [Connecting through datasource 'HikariDataSource (HikariPool-1)']
	Database driver: undefined/unknown
	Database version: 2.3.232
	Autocommit mode: undefined/unknown
	Isolation level: undefined/unknown
	Minimum pool size: undefined/unknown
	Maximum pool size: undefined/unknown
21:38:51.419 [main] INFO  o.h.e.t.j.p.i.JtaPlatformInitiator - HHH000489: No JTA platform available (set 'hibernate.transaction.jta.platform' to enable JTA platform integration)
21:38:51.442 [main] INFO  o.s.o.j.LocalContainerEntityManagerFactoryBean - Initialized JPA EntityManagerFactory for persistence unit 'default'
21:38:51.525 [main] INFO  o.a.config.AxonIQConsoleModule - 
################################################################################################
## You have not configured AxonIQ Console. AxonIQ Console provides out-of-the box monitoring  ##
## and management capabilities for your Axon Application, starting with it is free.           ##
## Visit https://console.axoniq.io for more information!                                      ##
## Suppress this message by setting system property disable-axoniq-console-message to true.   ##
################################################################################################

21:38:51.620 [main] INFO  o.s.d.j.r.query.QueryEnhancerFactory - Hibernate is in classpath; If applicable, HQL parser will be used.
21:38:51.979 [main] WARN  o.s.b.a.o.j.JpaBaseConfiguration$JpaWebConfiguration - spring.jpa.open-in-view is enabled by default. Therefore, database queries may be performed during view rendering. Explicitly configure spring.jpa.open-in-view to disable this warning
21:38:52.282 [main] INFO  o.s.b.a.h.H2ConsoleAutoConfiguration - H2 console available at '/h2-console'. Database available at 'jdbc:h2:mem:testdb'
21:38:52.292 [main] INFO  o.s.b.a.e.web.EndpointLinksResolver - Exposing 3 endpoints beneath base path '/actuator'
21:38:52.362 [main] INFO  c.e.o.c.CucumberSpringConfiguration - Started CucumberSpringConfiguration in 2.613 seconds (process running for 3.207)
21:38:52.428 [EventProcessor[com.example.ordermanagement.handler]-0] INFO  o.a.e.TrackingEventProcessor - Worker assigned to segment Segment[0/0] for processing
21:38:52.435 [EventProcessor[com.example.ordermanagement.handler]-0] INFO  o.a.e.TrackingEventProcessor - Using current Thread for last segment worker: TrackingSegmentWorker{processor=com.example.ordermanagement.handler, segment=Segment[0/0]}
21:38:52.437 [EventProcessor[com.example.ordermanagement.handler]-0] INFO  o.a.e.TrackingEventProcessor - Fetched token: null for segment: Segment[0/0]
]]></system-out>
    <system-err><![CDATA[Mockito is currently self-attaching to enable the inline-mock-maker. This will no longer work in future releases of the JDK. Please add Mockito as an agent to your build as described in Mockito's documentation: https://javadoc.io/doc/org.mockito/mockito-core/latest/org.mockito/org/mockito/Mockito.html#0.3
WARNING: A Java agent has been loaded dynamically (/Users/nakuldesai/.m2/repository/net/bytebuddy/byte-buddy-agent/1.17.5/byte-buddy-agent-1.17.5.jar)
WARNING: If a serviceability tool is in use, please run with -XX:+EnableDynamicAgentLoading to hide this warning
WARNING: If a serviceability tool is not in use, please run with -Djdk.instrument.traceUsage for more information
WARNING: Dynamic loading of agents will be disallowed by default in a future release
]]></system-err>
  </testcase>
  <testcase name="Create an order with missing customer information" classname="Order Creation" time="0.011">
    <error message="Duplicate step definitions in com.example.ordermanagement.cucumber.OrderQuerySteps.theOrderManagementSystemIsRunning() and com.example.ordermanagement.cucumber.OrderCreationSteps.theOrderManagementSystemIsRunning()" type="io.cucumber.core.runner.DuplicateStepDefinitionException"><![CDATA[io.cucumber.core.runner.DuplicateStepDefinitionException: Duplicate step definitions in com.example.ordermanagement.cucumber.OrderQuerySteps.theOrderManagementSystemIsRunning() and com.example.ordermanagement.cucumber.OrderCreationSteps.theOrderManagementSystemIsRunning()
	at io.cucumber.core.runner.CachingGlue.lambda$prepareGlue$3(CachingGlue.java:278)
	at java.base/java.util.ArrayList.forEach(ArrayList.java:1604)
	at io.cucumber.core.runner.CachingGlue.prepareGlue(CachingGlue.java:272)
	at io.cucumber.core.runner.Runner.runPickle(Runner.java:72)
	at io.cucumber.junit.platform.engine.CucumberEngineExecutionContext.lambda$runTestCase$4(CucumberEngineExecutionContext.java:112)
	at io.cucumber.core.runtime.CucumberExecutionContext.lambda$runTestCase$5(CucumberExecutionContext.java:137)
	at io.cucumber.core.runtime.RethrowingThrowableCollector.executeAndThrow(RethrowingThrowableCollector.java:23)
	at io.cucumber.core.runtime.CucumberExecutionContext.runTestCase(CucumberExecutionContext.java:137)
	at io.cucumber.junit.platform.engine.CucumberEngineExecutionContext.runTestCase(CucumberEngineExecutionContext.java:109)
	at io.cucumber.junit.platform.engine.NodeDescriptor$PickleDescriptor.execute(NodeDescriptor.java:168)
	at io.cucumber.junit.platform.engine.NodeDescriptor$PickleDescriptor.execute(NodeDescriptor.java:90)
	at java.base/java.util.ArrayList.forEach(ArrayList.java:1604)
	at java.base/java.util.ArrayList.forEach(ArrayList.java:1604)
]]></error>
    <system-out><![CDATA[21:38:52.677 [main] INFO  o.s.t.c.s.AnnotationConfigContextLoaderUtils - Could not detect default configuration classes for test class [com.example.ordermanagement.cucumber.CucumberSpringConfiguration]: CucumberSpringConfiguration does not declare any static, non-private, non-final, nested classes annotated with @Configuration.
21:38:52.679 [main] INFO  o.s.b.t.c.SpringBootTestContextBootstrapper - Found @SpringBootConfiguration com.example.ordermanagement.OrderManagementApplication for test class com.example.ordermanagement.cucumber.CucumberSpringConfiguration
]]></system-out>
  </testcase>
  <testcase name="Create multiple orders for the same customer" classname="Order Creation" time="0.007">
    <error message="Duplicate step definitions in com.example.ordermanagement.cucumber.OrderQuerySteps.theOrderManagementSystemIsRunning() and com.example.ordermanagement.cucumber.OrderCreationSteps.theOrderManagementSystemIsRunning()" type="io.cucumber.core.runner.DuplicateStepDefinitionException"><![CDATA[io.cucumber.core.runner.DuplicateStepDefinitionException: Duplicate step definitions in com.example.ordermanagement.cucumber.OrderQuerySteps.theOrderManagementSystemIsRunning() and com.example.ordermanagement.cucumber.OrderCreationSteps.theOrderManagementSystemIsRunning()
	at io.cucumber.core.runner.CachingGlue.lambda$prepareGlue$3(CachingGlue.java:278)
	at java.base/java.util.ArrayList.forEach(ArrayList.java:1604)
	at io.cucumber.core.runner.CachingGlue.prepareGlue(CachingGlue.java:272)
	at io.cucumber.core.runner.Runner.runPickle(Runner.java:72)
	at io.cucumber.junit.platform.engine.CucumberEngineExecutionContext.lambda$runTestCase$4(CucumberEngineExecutionContext.java:112)
	at io.cucumber.core.runtime.CucumberExecutionContext.lambda$runTestCase$5(CucumberExecutionContext.java:137)
	at io.cucumber.core.runtime.RethrowingThrowableCollector.executeAndThrow(RethrowingThrowableCollector.java:23)
	at io.cucumber.core.runtime.CucumberExecutionContext.runTestCase(CucumberExecutionContext.java:137)
	at io.cucumber.junit.platform.engine.CucumberEngineExecutionContext.runTestCase(CucumberEngineExecutionContext.java:109)
	at io.cucumber.junit.platform.engine.NodeDescriptor$PickleDescriptor.execute(NodeDescriptor.java:168)
	at io.cucumber.junit.platform.engine.NodeDescriptor$PickleDescriptor.execute(NodeDescriptor.java:90)
	at java.base/java.util.ArrayList.forEach(ArrayList.java:1604)
	at java.base/java.util.ArrayList.forEach(ArrayList.java:1604)
]]></error>
    <system-out><![CDATA[21:38:52.688 [main] INFO  o.s.t.c.s.AnnotationConfigContextLoaderUtils - Could not detect default configuration classes for test class [com.example.ordermanagement.cucumber.CucumberSpringConfiguration]: CucumberSpringConfiguration does not declare any static, non-private, non-final, nested classes annotated with @Configuration.
21:38:52.688 [main] INFO  o.s.b.t.c.SpringBootTestContextBootstrapper - Found @SpringBootConfiguration com.example.ordermanagement.OrderManagementApplication for test class com.example.ordermanagement.cucumber.CucumberSpringConfiguration
]]></system-out>
  </testcase>
  <testcase name="Add a single item to an order" classname="Order Item Management" time="0.008">
    <error message="Duplicate step definitions in com.example.ordermanagement.cucumber.OrderQuerySteps.theOrderManagementSystemIsRunning() and com.example.ordermanagement.cucumber.OrderCreationSteps.theOrderManagementSystemIsRunning()" type="io.cucumber.core.runner.DuplicateStepDefinitionException"><![CDATA[io.cucumber.core.runner.DuplicateStepDefinitionException: Duplicate step definitions in com.example.ordermanagement.cucumber.OrderQuerySteps.theOrderManagementSystemIsRunning() and com.example.ordermanagement.cucumber.OrderCreationSteps.theOrderManagementSystemIsRunning()
	at io.cucumber.core.runner.CachingGlue.lambda$prepareGlue$3(CachingGlue.java:278)
	at java.base/java.util.ArrayList.forEach(ArrayList.java:1604)
	at io.cucumber.core.runner.CachingGlue.prepareGlue(CachingGlue.java:272)
	at io.cucumber.core.runner.Runner.runPickle(Runner.java:72)
	at io.cucumber.junit.platform.engine.CucumberEngineExecutionContext.lambda$runTestCase$4(CucumberEngineExecutionContext.java:112)
	at io.cucumber.core.runtime.CucumberExecutionContext.lambda$runTestCase$5(CucumberExecutionContext.java:137)
	at io.cucumber.core.runtime.RethrowingThrowableCollector.executeAndThrow(RethrowingThrowableCollector.java:23)
	at io.cucumber.core.runtime.CucumberExecutionContext.runTestCase(CucumberExecutionContext.java:137)
	at io.cucumber.junit.platform.engine.CucumberEngineExecutionContext.runTestCase(CucumberEngineExecutionContext.java:109)
	at io.cucumber.junit.platform.engine.NodeDescriptor$PickleDescriptor.execute(NodeDescriptor.java:168)
	at io.cucumber.junit.platform.engine.NodeDescriptor$PickleDescriptor.execute(NodeDescriptor.java:90)
	at java.base/java.util.ArrayList.forEach(ArrayList.java:1604)
	at java.base/java.util.ArrayList.forEach(ArrayList.java:1604)
]]></error>
    <system-out><![CDATA[21:38:52.697 [main] INFO  o.s.t.c.s.AnnotationConfigContextLoaderUtils - Could not detect default configuration classes for test class [com.example.ordermanagement.cucumber.CucumberSpringConfiguration]: CucumberSpringConfiguration does not declare any static, non-private, non-final, nested classes annotated with @Configuration.
21:38:52.698 [main] INFO  o.s.b.t.c.SpringBootTestContextBootstrapper - Found @SpringBootConfiguration com.example.ordermanagement.OrderManagementApplication for test class com.example.ordermanagement.cucumber.CucumberSpringConfiguration
]]></system-out>
  </testcase>
  <testcase name="Add multiple items to an order" classname="Order Item Management" time="0.008">
    <error message="Duplicate step definitions in com.example.ordermanagement.cucumber.OrderQuerySteps.theOrderManagementSystemIsRunning() and com.example.ordermanagement.cucumber.OrderCreationSteps.theOrderManagementSystemIsRunning()" type="io.cucumber.core.runner.DuplicateStepDefinitionException"><![CDATA[io.cucumber.core.runner.DuplicateStepDefinitionException: Duplicate step definitions in com.example.ordermanagement.cucumber.OrderQuerySteps.theOrderManagementSystemIsRunning() and com.example.ordermanagement.cucumber.OrderCreationSteps.theOrderManagementSystemIsRunning()
	at io.cucumber.core.runner.CachingGlue.lambda$prepareGlue$3(CachingGlue.java:278)
	at java.base/java.util.ArrayList.forEach(ArrayList.java:1604)
	at io.cucumber.core.runner.CachingGlue.prepareGlue(CachingGlue.java:272)
	at io.cucumber.core.runner.Runner.runPickle(Runner.java:72)
	at io.cucumber.junit.platform.engine.CucumberEngineExecutionContext.lambda$runTestCase$4(CucumberEngineExecutionContext.java:112)
	at io.cucumber.core.runtime.CucumberExecutionContext.lambda$runTestCase$5(CucumberExecutionContext.java:137)
	at io.cucumber.core.runtime.RethrowingThrowableCollector.executeAndThrow(RethrowingThrowableCollector.java:23)
	at io.cucumber.core.runtime.CucumberExecutionContext.runTestCase(CucumberExecutionContext.java:137)
	at io.cucumber.junit.platform.engine.CucumberEngineExecutionContext.runTestCase(CucumberEngineExecutionContext.java:109)
	at io.cucumber.junit.platform.engine.NodeDescriptor$PickleDescriptor.execute(NodeDescriptor.java:168)
	at io.cucumber.junit.platform.engine.NodeDescriptor$PickleDescriptor.execute(NodeDescriptor.java:90)
	at java.base/java.util.ArrayList.forEach(ArrayList.java:1604)
	at java.base/java.util.ArrayList.forEach(ArrayList.java:1604)
]]></error>
    <system-out><![CDATA[21:38:52.706 [main] INFO  o.s.t.c.s.AnnotationConfigContextLoaderUtils - Could not detect default configuration classes for test class [com.example.ordermanagement.cucumber.CucumberSpringConfiguration]: CucumberSpringConfiguration does not declare any static, non-private, non-final, nested classes annotated with @Configuration.
21:38:52.707 [main] INFO  o.s.b.t.c.SpringBootTestContextBootstrapper - Found @SpringBootConfiguration com.example.ordermanagement.OrderManagementApplication for test class com.example.ordermanagement.cucumber.CucumberSpringConfiguration
]]></system-out>
  </testcase>
  <testcase name="Add item with invalid quantity" classname="Order Item Management" time="0.007">
    <error message="Duplicate step definitions in com.example.ordermanagement.cucumber.OrderQuerySteps.theOrderManagementSystemIsRunning() and com.example.ordermanagement.cucumber.OrderCreationSteps.theOrderManagementSystemIsRunning()" type="io.cucumber.core.runner.DuplicateStepDefinitionException"><![CDATA[io.cucumber.core.runner.DuplicateStepDefinitionException: Duplicate step definitions in com.example.ordermanagement.cucumber.OrderQuerySteps.theOrderManagementSystemIsRunning() and com.example.ordermanagement.cucumber.OrderCreationSteps.theOrderManagementSystemIsRunning()
	at io.cucumber.core.runner.CachingGlue.lambda$prepareGlue$3(CachingGlue.java:278)
	at java.base/java.util.ArrayList.forEach(ArrayList.java:1604)
	at io.cucumber.core.runner.CachingGlue.prepareGlue(CachingGlue.java:272)
	at io.cucumber.core.runner.Runner.runPickle(Runner.java:72)
	at io.cucumber.junit.platform.engine.CucumberEngineExecutionContext.lambda$runTestCase$4(CucumberEngineExecutionContext.java:112)
	at io.cucumber.core.runtime.CucumberExecutionContext.lambda$runTestCase$5(CucumberExecutionContext.java:137)
	at io.cucumber.core.runtime.RethrowingThrowableCollector.executeAndThrow(RethrowingThrowableCollector.java:23)
	at io.cucumber.core.runtime.CucumberExecutionContext.runTestCase(CucumberExecutionContext.java:137)
	at io.cucumber.junit.platform.engine.CucumberEngineExecutionContext.runTestCase(CucumberEngineExecutionContext.java:109)
	at io.cucumber.junit.platform.engine.NodeDescriptor$PickleDescriptor.execute(NodeDescriptor.java:168)
	at io.cucumber.junit.platform.engine.NodeDescriptor$PickleDescriptor.execute(NodeDescriptor.java:90)
	at java.base/java.util.ArrayList.forEach(ArrayList.java:1604)
	at java.base/java.util.ArrayList.forEach(ArrayList.java:1604)
]]></error>
    <system-out><![CDATA[21:38:52.714 [main] INFO  o.s.t.c.s.AnnotationConfigContextLoaderUtils - Could not detect default configuration classes for test class [com.example.ordermanagement.cucumber.CucumberSpringConfiguration]: CucumberSpringConfiguration does not declare any static, non-private, non-final, nested classes annotated with @Configuration.
21:38:52.715 [main] INFO  o.s.b.t.c.SpringBootTestContextBootstrapper - Found @SpringBootConfiguration com.example.ordermanagement.OrderManagementApplication for test class com.example.ordermanagement.cucumber.CucumberSpringConfiguration
]]></system-out>
  </testcase>
  <testcase name="Remove an item from an order" classname="Order Item Management" time="0.008">
    <error message="Duplicate step definitions in com.example.ordermanagement.cucumber.OrderQuerySteps.theOrderManagementSystemIsRunning() and com.example.ordermanagement.cucumber.OrderCreationSteps.theOrderManagementSystemIsRunning()" type="io.cucumber.core.runner.DuplicateStepDefinitionException"><![CDATA[io.cucumber.core.runner.DuplicateStepDefinitionException: Duplicate step definitions in com.example.ordermanagement.cucumber.OrderQuerySteps.theOrderManagementSystemIsRunning() and com.example.ordermanagement.cucumber.OrderCreationSteps.theOrderManagementSystemIsRunning()
	at io.cucumber.core.runner.CachingGlue.lambda$prepareGlue$3(CachingGlue.java:278)
	at java.base/java.util.ArrayList.forEach(ArrayList.java:1604)
	at io.cucumber.core.runner.CachingGlue.prepareGlue(CachingGlue.java:272)
	at io.cucumber.core.runner.Runner.runPickle(Runner.java:72)
	at io.cucumber.junit.platform.engine.CucumberEngineExecutionContext.lambda$runTestCase$4(CucumberEngineExecutionContext.java:112)
	at io.cucumber.core.runtime.CucumberExecutionContext.lambda$runTestCase$5(CucumberExecutionContext.java:137)
	at io.cucumber.core.runtime.RethrowingThrowableCollector.executeAndThrow(RethrowingThrowableCollector.java:23)
	at io.cucumber.core.runtime.CucumberExecutionContext.runTestCase(CucumberExecutionContext.java:137)
	at io.cucumber.junit.platform.engine.CucumberEngineExecutionContext.runTestCase(CucumberEngineExecutionContext.java:109)
	at io.cucumber.junit.platform.engine.NodeDescriptor$PickleDescriptor.execute(NodeDescriptor.java:168)
	at io.cucumber.junit.platform.engine.NodeDescriptor$PickleDescriptor.execute(NodeDescriptor.java:90)
	at java.base/java.util.ArrayList.forEach(ArrayList.java:1604)
	at java.base/java.util.ArrayList.forEach(ArrayList.java:1604)
]]></error>
    <system-out><![CDATA[21:38:52.723 [main] INFO  o.s.t.c.s.AnnotationConfigContextLoaderUtils - Could not detect default configuration classes for test class [com.example.ordermanagement.cucumber.CucumberSpringConfiguration]: CucumberSpringConfiguration does not declare any static, non-private, non-final, nested classes annotated with @Configuration.
21:38:52.724 [main] INFO  o.s.b.t.c.SpringBootTestContextBootstrapper - Found @SpringBootConfiguration com.example.ordermanagement.OrderManagementApplication for test class com.example.ordermanagement.cucumber.CucumberSpringConfiguration
]]></system-out>
  </testcase>
  <testcase name="Remove non-existent item from an order" classname="Order Item Management" time="0.008">
    <error message="Duplicate step definitions in com.example.ordermanagement.cucumber.OrderQuerySteps.theOrderManagementSystemIsRunning() and com.example.ordermanagement.cucumber.OrderCreationSteps.theOrderManagementSystemIsRunning()" type="io.cucumber.core.runner.DuplicateStepDefinitionException"><![CDATA[io.cucumber.core.runner.DuplicateStepDefinitionException: Duplicate step definitions in com.example.ordermanagement.cucumber.OrderQuerySteps.theOrderManagementSystemIsRunning() and com.example.ordermanagement.cucumber.OrderCreationSteps.theOrderManagementSystemIsRunning()
	at io.cucumber.core.runner.CachingGlue.lambda$prepareGlue$3(CachingGlue.java:278)
	at java.base/java.util.ArrayList.forEach(ArrayList.java:1604)
	at io.cucumber.core.runner.CachingGlue.prepareGlue(CachingGlue.java:272)
	at io.cucumber.core.runner.Runner.runPickle(Runner.java:72)
	at io.cucumber.junit.platform.engine.CucumberEngineExecutionContext.lambda$runTestCase$4(CucumberEngineExecutionContext.java:112)
	at io.cucumber.core.runtime.CucumberExecutionContext.lambda$runTestCase$5(CucumberExecutionContext.java:137)
	at io.cucumber.core.runtime.RethrowingThrowableCollector.executeAndThrow(RethrowingThrowableCollector.java:23)
	at io.cucumber.core.runtime.CucumberExecutionContext.runTestCase(CucumberExecutionContext.java:137)
	at io.cucumber.junit.platform.engine.CucumberEngineExecutionContext.runTestCase(CucumberEngineExecutionContext.java:109)
	at io.cucumber.junit.platform.engine.NodeDescriptor$PickleDescriptor.execute(NodeDescriptor.java:168)
	at io.cucumber.junit.platform.engine.NodeDescriptor$PickleDescriptor.execute(NodeDescriptor.java:90)
	at java.base/java.util.ArrayList.forEach(ArrayList.java:1604)
	at java.base/java.util.ArrayList.forEach(ArrayList.java:1604)
]]></error>
    <system-out><![CDATA[21:38:52.731 [main] INFO  o.s.t.c.s.AnnotationConfigContextLoaderUtils - Could not detect default configuration classes for test class [com.example.ordermanagement.cucumber.CucumberSpringConfiguration]: CucumberSpringConfiguration does not declare any static, non-private, non-final, nested classes annotated with @Configuration.
21:38:52.732 [main] INFO  o.s.b.t.c.SpringBootTestContextBootstrapper - Found @SpringBootConfiguration com.example.ordermanagement.OrderManagementApplication for test class com.example.ordermanagement.cucumber.CucumberSpringConfiguration
]]></system-out>
  </testcase>
  <testcase name="Add item to non-existent order" classname="Order Item Management" time="0.008">
    <error message="Duplicate step definitions in com.example.ordermanagement.cucumber.OrderQuerySteps.theOrderManagementSystemIsRunning() and com.example.ordermanagement.cucumber.OrderCreationSteps.theOrderManagementSystemIsRunning()" type="io.cucumber.core.runner.DuplicateStepDefinitionException"><![CDATA[io.cucumber.core.runner.DuplicateStepDefinitionException: Duplicate step definitions in com.example.ordermanagement.cucumber.OrderQuerySteps.theOrderManagementSystemIsRunning() and com.example.ordermanagement.cucumber.OrderCreationSteps.theOrderManagementSystemIsRunning()
	at io.cucumber.core.runner.CachingGlue.lambda$prepareGlue$3(CachingGlue.java:278)
	at java.base/java.util.ArrayList.forEach(ArrayList.java:1604)
	at io.cucumber.core.runner.CachingGlue.prepareGlue(CachingGlue.java:272)
	at io.cucumber.core.runner.Runner.runPickle(Runner.java:72)
	at io.cucumber.junit.platform.engine.CucumberEngineExecutionContext.lambda$runTestCase$4(CucumberEngineExecutionContext.java:112)
	at io.cucumber.core.runtime.CucumberExecutionContext.lambda$runTestCase$5(CucumberExecutionContext.java:137)
	at io.cucumber.core.runtime.RethrowingThrowableCollector.executeAndThrow(RethrowingThrowableCollector.java:23)
	at io.cucumber.core.runtime.CucumberExecutionContext.runTestCase(CucumberExecutionContext.java:137)
	at io.cucumber.junit.platform.engine.CucumberEngineExecutionContext.runTestCase(CucumberEngineExecutionContext.java:109)
	at io.cucumber.junit.platform.engine.NodeDescriptor$PickleDescriptor.execute(NodeDescriptor.java:168)
	at io.cucumber.junit.platform.engine.NodeDescriptor$PickleDescriptor.execute(NodeDescriptor.java:90)
	at java.base/java.util.ArrayList.forEach(ArrayList.java:1604)
	at java.base/java.util.ArrayList.forEach(ArrayList.java:1604)
]]></error>
    <system-out><![CDATA[21:38:52.740 [main] INFO  o.s.t.c.s.AnnotationConfigContextLoaderUtils - Could not detect default configuration classes for test class [com.example.ordermanagement.cucumber.CucumberSpringConfiguration]: CucumberSpringConfiguration does not declare any static, non-private, non-final, nested classes annotated with @Configuration.
21:38:52.741 [main] INFO  o.s.b.t.c.SpringBootTestContextBootstrapper - Found @SpringBootConfiguration com.example.ordermanagement.OrderManagementApplication for test class com.example.ordermanagement.cucumber.CucumberSpringConfiguration
]]></system-out>
  </testcase>
  <testcase name="Retrieve order by ID" classname="Order Queries" time="0.008">
    <error message="Duplicate step definitions in com.example.ordermanagement.cucumber.OrderQuerySteps.theOrderManagementSystemIsRunning() and com.example.ordermanagement.cucumber.OrderCreationSteps.theOrderManagementSystemIsRunning()" type="io.cucumber.core.runner.DuplicateStepDefinitionException"><![CDATA[io.cucumber.core.runner.DuplicateStepDefinitionException: Duplicate step definitions in com.example.ordermanagement.cucumber.OrderQuerySteps.theOrderManagementSystemIsRunning() and com.example.ordermanagement.cucumber.OrderCreationSteps.theOrderManagementSystemIsRunning()
	at io.cucumber.core.runner.CachingGlue.lambda$prepareGlue$3(CachingGlue.java:278)
	at java.base/java.util.ArrayList.forEach(ArrayList.java:1604)
	at io.cucumber.core.runner.CachingGlue.prepareGlue(CachingGlue.java:272)
	at io.cucumber.core.runner.Runner.runPickle(Runner.java:72)
	at io.cucumber.junit.platform.engine.CucumberEngineExecutionContext.lambda$runTestCase$4(CucumberEngineExecutionContext.java:112)
	at io.cucumber.core.runtime.CucumberExecutionContext.lambda$runTestCase$5(CucumberExecutionContext.java:137)
	at io.cucumber.core.runtime.RethrowingThrowableCollector.executeAndThrow(RethrowingThrowableCollector.java:23)
	at io.cucumber.core.runtime.CucumberExecutionContext.runTestCase(CucumberExecutionContext.java:137)
	at io.cucumber.junit.platform.engine.CucumberEngineExecutionContext.runTestCase(CucumberEngineExecutionContext.java:109)
	at io.cucumber.junit.platform.engine.NodeDescriptor$PickleDescriptor.execute(NodeDescriptor.java:168)
	at io.cucumber.junit.platform.engine.NodeDescriptor$PickleDescriptor.execute(NodeDescriptor.java:90)
	at java.base/java.util.ArrayList.forEach(ArrayList.java:1604)
	at java.base/java.util.ArrayList.forEach(ArrayList.java:1604)
]]></error>
    <system-out><![CDATA[21:38:52.750 [main] INFO  o.s.t.c.s.AnnotationConfigContextLoaderUtils - Could not detect default configuration classes for test class [com.example.ordermanagement.cucumber.CucumberSpringConfiguration]: CucumberSpringConfiguration does not declare any static, non-private, non-final, nested classes annotated with @Configuration.
21:38:52.750 [main] INFO  o.s.b.t.c.SpringBootTestContextBootstrapper - Found @SpringBootConfiguration com.example.ordermanagement.OrderManagementApplication for test class com.example.ordermanagement.cucumber.CucumberSpringConfiguration
]]></system-out>
  </testcase>
  <testcase name="Retrieve non-existent order by ID" classname="Order Queries" time="0.008">
    <error message="Duplicate step definitions in com.example.ordermanagement.cucumber.OrderQuerySteps.theOrderManagementSystemIsRunning() and com.example.ordermanagement.cucumber.OrderCreationSteps.theOrderManagementSystemIsRunning()" type="io.cucumber.core.runner.DuplicateStepDefinitionException"><![CDATA[io.cucumber.core.runner.DuplicateStepDefinitionException: Duplicate step definitions in com.example.ordermanagement.cucumber.OrderQuerySteps.theOrderManagementSystemIsRunning() and com.example.ordermanagement.cucumber.OrderCreationSteps.theOrderManagementSystemIsRunning()
	at io.cucumber.core.runner.CachingGlue.lambda$prepareGlue$3(CachingGlue.java:278)
	at java.base/java.util.ArrayList.forEach(ArrayList.java:1604)
	at io.cucumber.core.runner.CachingGlue.prepareGlue(CachingGlue.java:272)
	at io.cucumber.core.runner.Runner.runPickle(Runner.java:72)
	at io.cucumber.junit.platform.engine.CucumberEngineExecutionContext.lambda$runTestCase$4(CucumberEngineExecutionContext.java:112)
	at io.cucumber.core.runtime.CucumberExecutionContext.lambda$runTestCase$5(CucumberExecutionContext.java:137)
	at io.cucumber.core.runtime.RethrowingThrowableCollector.executeAndThrow(RethrowingThrowableCollector.java:23)
	at io.cucumber.core.runtime.CucumberExecutionContext.runTestCase(CucumberExecutionContext.java:137)
	at io.cucumber.junit.platform.engine.CucumberEngineExecutionContext.runTestCase(CucumberEngineExecutionContext.java:109)
	at io.cucumber.junit.platform.engine.NodeDescriptor$PickleDescriptor.execute(NodeDescriptor.java:168)
	at io.cucumber.junit.platform.engine.NodeDescriptor$PickleDescriptor.execute(NodeDescriptor.java:90)
	at java.base/java.util.ArrayList.forEach(ArrayList.java:1604)
	at java.base/java.util.ArrayList.forEach(ArrayList.java:1604)
]]></error>
    <system-out><![CDATA[21:38:52.759 [main] INFO  o.s.t.c.s.AnnotationConfigContextLoaderUtils - Could not detect default configuration classes for test class [com.example.ordermanagement.cucumber.CucumberSpringConfiguration]: CucumberSpringConfiguration does not declare any static, non-private, non-final, nested classes annotated with @Configuration.
21:38:52.759 [main] INFO  o.s.b.t.c.SpringBootTestContextBootstrapper - Found @SpringBootConfiguration com.example.ordermanagement.OrderManagementApplication for test class com.example.ordermanagement.cucumber.CucumberSpringConfiguration
]]></system-out>
  </testcase>
  <testcase name="Retrieve all orders" classname="Order Queries" time="0.007">
    <error message="Duplicate step definitions in com.example.ordermanagement.cucumber.OrderQuerySteps.theOrderManagementSystemIsRunning() and com.example.ordermanagement.cucumber.OrderCreationSteps.theOrderManagementSystemIsRunning()" type="io.cucumber.core.runner.DuplicateStepDefinitionException"><![CDATA[io.cucumber.core.runner.DuplicateStepDefinitionException: Duplicate step definitions in com.example.ordermanagement.cucumber.OrderQuerySteps.theOrderManagementSystemIsRunning() and com.example.ordermanagement.cucumber.OrderCreationSteps.theOrderManagementSystemIsRunning()
	at io.cucumber.core.runner.CachingGlue.lambda$prepareGlue$3(CachingGlue.java:278)
	at java.base/java.util.ArrayList.forEach(ArrayList.java:1604)
	at io.cucumber.core.runner.CachingGlue.prepareGlue(CachingGlue.java:272)
	at io.cucumber.core.runner.Runner.runPickle(Runner.java:72)
	at io.cucumber.junit.platform.engine.CucumberEngineExecutionContext.lambda$runTestCase$4(CucumberEngineExecutionContext.java:112)
	at io.cucumber.core.runtime.CucumberExecutionContext.lambda$runTestCase$5(CucumberExecutionContext.java:137)
	at io.cucumber.core.runtime.RethrowingThrowableCollector.executeAndThrow(RethrowingThrowableCollector.java:23)
	at io.cucumber.core.runtime.CucumberExecutionContext.runTestCase(CucumberExecutionContext.java:137)
	at io.cucumber.junit.platform.engine.CucumberEngineExecutionContext.runTestCase(CucumberEngineExecutionContext.java:109)
	at io.cucumber.junit.platform.engine.NodeDescriptor$PickleDescriptor.execute(NodeDescriptor.java:168)
	at io.cucumber.junit.platform.engine.NodeDescriptor$PickleDescriptor.execute(NodeDescriptor.java:90)
	at java.base/java.util.ArrayList.forEach(ArrayList.java:1604)
	at java.base/java.util.ArrayList.forEach(ArrayList.java:1604)
]]></error>
    <system-out><![CDATA[21:38:52.767 [main] INFO  o.s.t.c.s.AnnotationConfigContextLoaderUtils - Could not detect default configuration classes for test class [com.example.ordermanagement.cucumber.CucumberSpringConfiguration]: CucumberSpringConfiguration does not declare any static, non-private, non-final, nested classes annotated with @Configuration.
21:38:52.767 [main] INFO  o.s.b.t.c.SpringBootTestContextBootstrapper - Found @SpringBootConfiguration com.example.ordermanagement.OrderManagementApplication for test class com.example.ordermanagement.cucumber.CucumberSpringConfiguration
]]></system-out>
  </testcase>
  <testcase name="Retrieve orders by customer ID" classname="Order Queries" time="0.007">
    <error message="Duplicate step definitions in com.example.ordermanagement.cucumber.OrderQuerySteps.theOrderManagementSystemIsRunning() and com.example.ordermanagement.cucumber.OrderCreationSteps.theOrderManagementSystemIsRunning()" type="io.cucumber.core.runner.DuplicateStepDefinitionException"><![CDATA[io.cucumber.core.runner.DuplicateStepDefinitionException: Duplicate step definitions in com.example.ordermanagement.cucumber.OrderQuerySteps.theOrderManagementSystemIsRunning() and com.example.ordermanagement.cucumber.OrderCreationSteps.theOrderManagementSystemIsRunning()
	at io.cucumber.core.runner.CachingGlue.lambda$prepareGlue$3(CachingGlue.java:278)
	at java.base/java.util.ArrayList.forEach(ArrayList.java:1604)
	at io.cucumber.core.runner.CachingGlue.prepareGlue(CachingGlue.java:272)
	at io.cucumber.core.runner.Runner.runPickle(Runner.java:72)
	at io.cucumber.junit.platform.engine.CucumberEngineExecutionContext.lambda$runTestCase$4(CucumberEngineExecutionContext.java:112)
	at io.cucumber.core.runtime.CucumberExecutionContext.lambda$runTestCase$5(CucumberExecutionContext.java:137)
	at io.cucumber.core.runtime.RethrowingThrowableCollector.executeAndThrow(RethrowingThrowableCollector.java:23)
	at io.cucumber.core.runtime.CucumberExecutionContext.runTestCase(CucumberExecutionContext.java:137)
	at io.cucumber.junit.platform.engine.CucumberEngineExecutionContext.runTestCase(CucumberEngineExecutionContext.java:109)
	at io.cucumber.junit.platform.engine.NodeDescriptor$PickleDescriptor.execute(NodeDescriptor.java:168)
	at io.cucumber.junit.platform.engine.NodeDescriptor$PickleDescriptor.execute(NodeDescriptor.java:90)
	at java.base/java.util.ArrayList.forEach(ArrayList.java:1604)
	at java.base/java.util.ArrayList.forEach(ArrayList.java:1604)
]]></error>
    <system-out><![CDATA[21:38:52.774 [main] INFO  o.s.t.c.s.AnnotationConfigContextLoaderUtils - Could not detect default configuration classes for test class [com.example.ordermanagement.cucumber.CucumberSpringConfiguration]: CucumberSpringConfiguration does not declare any static, non-private, non-final, nested classes annotated with @Configuration.
21:38:52.775 [main] INFO  o.s.b.t.c.SpringBootTestContextBootstrapper - Found @SpringBootConfiguration com.example.ordermanagement.OrderManagementApplication for test class com.example.ordermanagement.cucumber.CucumberSpringConfiguration
]]></system-out>
  </testcase>
  <testcase name="Retrieve orders by status" classname="Order Queries" time="0.008">
    <error message="Duplicate step definitions in com.example.ordermanagement.cucumber.OrderQuerySteps.theOrderManagementSystemIsRunning() and com.example.ordermanagement.cucumber.OrderCreationSteps.theOrderManagementSystemIsRunning()" type="io.cucumber.core.runner.DuplicateStepDefinitionException"><![CDATA[io.cucumber.core.runner.DuplicateStepDefinitionException: Duplicate step definitions in com.example.ordermanagement.cucumber.OrderQuerySteps.theOrderManagementSystemIsRunning() and com.example.ordermanagement.cucumber.OrderCreationSteps.theOrderManagementSystemIsRunning()
	at io.cucumber.core.runner.CachingGlue.lambda$prepareGlue$3(CachingGlue.java:278)
	at java.base/java.util.ArrayList.forEach(ArrayList.java:1604)
	at io.cucumber.core.runner.CachingGlue.prepareGlue(CachingGlue.java:272)
	at io.cucumber.core.runner.Runner.runPickle(Runner.java:72)
	at io.cucumber.junit.platform.engine.CucumberEngineExecutionContext.lambda$runTestCase$4(CucumberEngineExecutionContext.java:112)
	at io.cucumber.core.runtime.CucumberExecutionContext.lambda$runTestCase$5(CucumberExecutionContext.java:137)
	at io.cucumber.core.runtime.RethrowingThrowableCollector.executeAndThrow(RethrowingThrowableCollector.java:23)
	at io.cucumber.core.runtime.CucumberExecutionContext.runTestCase(CucumberExecutionContext.java:137)
	at io.cucumber.junit.platform.engine.CucumberEngineExecutionContext.runTestCase(CucumberEngineExecutionContext.java:109)
	at io.cucumber.junit.platform.engine.NodeDescriptor$PickleDescriptor.execute(NodeDescriptor.java:168)
	at io.cucumber.junit.platform.engine.NodeDescriptor$PickleDescriptor.execute(NodeDescriptor.java:90)
	at java.base/java.util.ArrayList.forEach(ArrayList.java:1604)
	at java.base/java.util.ArrayList.forEach(ArrayList.java:1604)
]]></error>
    <system-out><![CDATA[21:38:52.782 [main] INFO  o.s.t.c.s.AnnotationConfigContextLoaderUtils - Could not detect default configuration classes for test class [com.example.ordermanagement.cucumber.CucumberSpringConfiguration]: CucumberSpringConfiguration does not declare any static, non-private, non-final, nested classes annotated with @Configuration.
21:38:52.783 [main] INFO  o.s.b.t.c.SpringBootTestContextBootstrapper - Found @SpringBootConfiguration com.example.ordermanagement.OrderManagementApplication for test class com.example.ordermanagement.cucumber.CucumberSpringConfiguration
]]></system-out>
  </testcase>
  <testcase name="Search orders by customer name" classname="Order Queries" time="0.011">
    <error message="Duplicate step definitions in com.example.ordermanagement.cucumber.OrderQuerySteps.theOrderManagementSystemIsRunning() and com.example.ordermanagement.cucumber.OrderCreationSteps.theOrderManagementSystemIsRunning()" type="io.cucumber.core.runner.DuplicateStepDefinitionException"><![CDATA[io.cucumber.core.runner.DuplicateStepDefinitionException: Duplicate step definitions in com.example.ordermanagement.cucumber.OrderQuerySteps.theOrderManagementSystemIsRunning() and com.example.ordermanagement.cucumber.OrderCreationSteps.theOrderManagementSystemIsRunning()
	at io.cucumber.core.runner.CachingGlue.lambda$prepareGlue$3(CachingGlue.java:278)
	at java.base/java.util.ArrayList.forEach(ArrayList.java:1604)
	at io.cucumber.core.runner.CachingGlue.prepareGlue(CachingGlue.java:272)
	at io.cucumber.core.runner.Runner.runPickle(Runner.java:72)
	at io.cucumber.junit.platform.engine.CucumberEngineExecutionContext.lambda$runTestCase$4(CucumberEngineExecutionContext.java:112)
	at io.cucumber.core.runtime.CucumberExecutionContext.lambda$runTestCase$5(CucumberExecutionContext.java:137)
	at io.cucumber.core.runtime.RethrowingThrowableCollector.executeAndThrow(RethrowingThrowableCollector.java:23)
	at io.cucumber.core.runtime.CucumberExecutionContext.runTestCase(CucumberExecutionContext.java:137)
	at io.cucumber.junit.platform.engine.CucumberEngineExecutionContext.runTestCase(CucumberEngineExecutionContext.java:109)
	at io.cucumber.junit.platform.engine.NodeDescriptor$PickleDescriptor.execute(NodeDescriptor.java:168)
	at io.cucumber.junit.platform.engine.NodeDescriptor$PickleDescriptor.execute(NodeDescriptor.java:90)
	at java.base/java.util.ArrayList.forEach(ArrayList.java:1604)
	at java.base/java.util.ArrayList.forEach(ArrayList.java:1604)
]]></error>
    <system-out><![CDATA[21:38:52.790 [main] INFO  o.s.t.c.s.AnnotationConfigContextLoaderUtils - Could not detect default configuration classes for test class [com.example.ordermanagement.cucumber.CucumberSpringConfiguration]: CucumberSpringConfiguration does not declare any static, non-private, non-final, nested classes annotated with @Configuration.
21:38:52.790 [main] INFO  o.s.b.t.c.SpringBootTestContextBootstrapper - Found @SpringBootConfiguration com.example.ordermanagement.OrderManagementApplication for test class com.example.ordermanagement.cucumber.CucumberSpringConfiguration
]]></system-out>
  </testcase>
  <testcase name="Retrieve orders by minimum amount" classname="Order Queries" time="0.006">
    <error message="Duplicate step definitions in com.example.ordermanagement.cucumber.OrderQuerySteps.theOrderManagementSystemIsRunning() and com.example.ordermanagement.cucumber.OrderCreationSteps.theOrderManagementSystemIsRunning()" type="io.cucumber.core.runner.DuplicateStepDefinitionException"><![CDATA[io.cucumber.core.runner.DuplicateStepDefinitionException: Duplicate step definitions in com.example.ordermanagement.cucumber.OrderQuerySteps.theOrderManagementSystemIsRunning() and com.example.ordermanagement.cucumber.OrderCreationSteps.theOrderManagementSystemIsRunning()
	at io.cucumber.core.runner.CachingGlue.lambda$prepareGlue$3(CachingGlue.java:278)
	at java.base/java.util.ArrayList.forEach(ArrayList.java:1604)
	at io.cucumber.core.runner.CachingGlue.prepareGlue(CachingGlue.java:272)
	at io.cucumber.core.runner.Runner.runPickle(Runner.java:72)
	at io.cucumber.junit.platform.engine.CucumberEngineExecutionContext.lambda$runTestCase$4(CucumberEngineExecutionContext.java:112)
	at io.cucumber.core.runtime.CucumberExecutionContext.lambda$runTestCase$5(CucumberExecutionContext.java:137)
	at io.cucumber.core.runtime.RethrowingThrowableCollector.executeAndThrow(RethrowingThrowableCollector.java:23)
	at io.cucumber.core.runtime.CucumberExecutionContext.runTestCase(CucumberExecutionContext.java:137)
	at io.cucumber.junit.platform.engine.CucumberEngineExecutionContext.runTestCase(CucumberEngineExecutionContext.java:109)
	at io.cucumber.junit.platform.engine.NodeDescriptor$PickleDescriptor.execute(NodeDescriptor.java:168)
	at io.cucumber.junit.platform.engine.NodeDescriptor$PickleDescriptor.execute(NodeDescriptor.java:90)
	at java.base/java.util.ArrayList.forEach(ArrayList.java:1604)
	at java.base/java.util.ArrayList.forEach(ArrayList.java:1604)
]]></error>
    <system-out><![CDATA[21:38:52.801 [main] INFO  o.s.t.c.s.AnnotationConfigContextLoaderUtils - Could not detect default configuration classes for test class [com.example.ordermanagement.cucumber.CucumberSpringConfiguration]: CucumberSpringConfiguration does not declare any static, non-private, non-final, nested classes annotated with @Configuration.
21:38:52.801 [main] INFO  o.s.b.t.c.SpringBootTestContextBootstrapper - Found @SpringBootConfiguration com.example.ordermanagement.OrderManagementApplication for test class com.example.ordermanagement.cucumber.CucumberSpringConfiguration
]]></system-out>
  </testcase>
  <testcase name="Get order count by status" classname="Order Queries" time="0.006">
    <error message="Duplicate step definitions in com.example.ordermanagement.cucumber.OrderQuerySteps.theOrderManagementSystemIsRunning() and com.example.ordermanagement.cucumber.OrderCreationSteps.theOrderManagementSystemIsRunning()" type="io.cucumber.core.runner.DuplicateStepDefinitionException"><![CDATA[io.cucumber.core.runner.DuplicateStepDefinitionException: Duplicate step definitions in com.example.ordermanagement.cucumber.OrderQuerySteps.theOrderManagementSystemIsRunning() and com.example.ordermanagement.cucumber.OrderCreationSteps.theOrderManagementSystemIsRunning()
	at io.cucumber.core.runner.CachingGlue.lambda$prepareGlue$3(CachingGlue.java:278)
	at java.base/java.util.ArrayList.forEach(ArrayList.java:1604)
	at io.cucumber.core.runner.CachingGlue.prepareGlue(CachingGlue.java:272)
	at io.cucumber.core.runner.Runner.runPickle(Runner.java:72)
	at io.cucumber.junit.platform.engine.CucumberEngineExecutionContext.lambda$runTestCase$4(CucumberEngineExecutionContext.java:112)
	at io.cucumber.core.runtime.CucumberExecutionContext.lambda$runTestCase$5(CucumberExecutionContext.java:137)
	at io.cucumber.core.runtime.RethrowingThrowableCollector.executeAndThrow(RethrowingThrowableCollector.java:23)
	at io.cucumber.core.runtime.CucumberExecutionContext.runTestCase(CucumberExecutionContext.java:137)
	at io.cucumber.junit.platform.engine.CucumberEngineExecutionContext.runTestCase(CucumberEngineExecutionContext.java:109)
	at io.cucumber.junit.platform.engine.NodeDescriptor$PickleDescriptor.execute(NodeDescriptor.java:168)
	at io.cucumber.junit.platform.engine.NodeDescriptor$PickleDescriptor.execute(NodeDescriptor.java:90)
	at java.base/java.util.ArrayList.forEach(ArrayList.java:1604)
	at java.base/java.util.ArrayList.forEach(ArrayList.java:1604)
]]></error>
    <system-out><![CDATA[21:38:52.808 [main] INFO  o.s.t.c.s.AnnotationConfigContextLoaderUtils - Could not detect default configuration classes for test class [com.example.ordermanagement.cucumber.CucumberSpringConfiguration]: CucumberSpringConfiguration does not declare any static, non-private, non-final, nested classes annotated with @Configuration.
21:38:52.808 [main] INFO  o.s.b.t.c.SpringBootTestContextBootstrapper - Found @SpringBootConfiguration com.example.ordermanagement.OrderManagementApplication for test class com.example.ordermanagement.cucumber.CucumberSpringConfiguration
]]></system-out>
  </testcase>
  <testcase name="Get average order value by status" classname="Order Queries" time="0.005">
    <error message="Duplicate step definitions in com.example.ordermanagement.cucumber.OrderQuerySteps.theOrderManagementSystemIsRunning() and com.example.ordermanagement.cucumber.OrderCreationSteps.theOrderManagementSystemIsRunning()" type="io.cucumber.core.runner.DuplicateStepDefinitionException"><![CDATA[io.cucumber.core.runner.DuplicateStepDefinitionException: Duplicate step definitions in com.example.ordermanagement.cucumber.OrderQuerySteps.theOrderManagementSystemIsRunning() and com.example.ordermanagement.cucumber.OrderCreationSteps.theOrderManagementSystemIsRunning()
	at io.cucumber.core.runner.CachingGlue.lambda$prepareGlue$3(CachingGlue.java:278)
	at java.base/java.util.ArrayList.forEach(ArrayList.java:1604)
	at io.cucumber.core.runner.CachingGlue.prepareGlue(CachingGlue.java:272)
	at io.cucumber.core.runner.Runner.runPickle(Runner.java:72)
	at io.cucumber.junit.platform.engine.CucumberEngineExecutionContext.lambda$runTestCase$4(CucumberEngineExecutionContext.java:112)
	at io.cucumber.core.runtime.CucumberExecutionContext.lambda$runTestCase$5(CucumberExecutionContext.java:137)
	at io.cucumber.core.runtime.RethrowingThrowableCollector.executeAndThrow(RethrowingThrowableCollector.java:23)
	at io.cucumber.core.runtime.CucumberExecutionContext.runTestCase(CucumberExecutionContext.java:137)
	at io.cucumber.junit.platform.engine.CucumberEngineExecutionContext.runTestCase(CucumberEngineExecutionContext.java:109)
	at io.cucumber.junit.platform.engine.NodeDescriptor$PickleDescriptor.execute(NodeDescriptor.java:168)
	at io.cucumber.junit.platform.engine.NodeDescriptor$PickleDescriptor.execute(NodeDescriptor.java:90)
	at java.base/java.util.ArrayList.forEach(ArrayList.java:1604)
	at java.base/java.util.ArrayList.forEach(ArrayList.java:1604)
]]></error>
    <system-out><![CDATA[21:38:52.815 [main] INFO  o.s.t.c.s.AnnotationConfigContextLoaderUtils - Could not detect default configuration classes for test class [com.example.ordermanagement.cucumber.CucumberSpringConfiguration]: CucumberSpringConfiguration does not declare any static, non-private, non-final, nested classes annotated with @Configuration.
21:38:52.815 [main] INFO  o.s.b.t.c.SpringBootTestContextBootstrapper - Found @SpringBootConfiguration com.example.ordermanagement.OrderManagementApplication for test class com.example.ordermanagement.cucumber.CucumberSpringConfiguration
]]></system-out>
  </testcase>
  <testcase name="Get average order value for status with no orders" classname="Order Queries" time="0.006">
    <error message="Duplicate step definitions in com.example.ordermanagement.cucumber.OrderQuerySteps.theOrderManagementSystemIsRunning() and com.example.ordermanagement.cucumber.OrderCreationSteps.theOrderManagementSystemIsRunning()" type="io.cucumber.core.runner.DuplicateStepDefinitionException"><![CDATA[io.cucumber.core.runner.DuplicateStepDefinitionException: Duplicate step definitions in com.example.ordermanagement.cucumber.OrderQuerySteps.theOrderManagementSystemIsRunning() and com.example.ordermanagement.cucumber.OrderCreationSteps.theOrderManagementSystemIsRunning()
	at io.cucumber.core.runner.CachingGlue.lambda$prepareGlue$3(CachingGlue.java:278)
	at java.base/java.util.ArrayList.forEach(ArrayList.java:1604)
	at io.cucumber.core.runner.CachingGlue.prepareGlue(CachingGlue.java:272)
	at io.cucumber.core.runner.Runner.runPickle(Runner.java:72)
	at io.cucumber.junit.platform.engine.CucumberEngineExecutionContext.lambda$runTestCase$4(CucumberEngineExecutionContext.java:112)
	at io.cucumber.core.runtime.CucumberExecutionContext.lambda$runTestCase$5(CucumberExecutionContext.java:137)
	at io.cucumber.core.runtime.RethrowingThrowableCollector.executeAndThrow(RethrowingThrowableCollector.java:23)
	at io.cucumber.core.runtime.CucumberExecutionContext.runTestCase(CucumberExecutionContext.java:137)
	at io.cucumber.junit.platform.engine.CucumberEngineExecutionContext.runTestCase(CucumberEngineExecutionContext.java:109)
	at io.cucumber.junit.platform.engine.NodeDescriptor$PickleDescriptor.execute(NodeDescriptor.java:168)
	at io.cucumber.junit.platform.engine.NodeDescriptor$PickleDescriptor.execute(NodeDescriptor.java:90)
	at java.base/java.util.ArrayList.forEach(ArrayList.java:1604)
	at java.base/java.util.ArrayList.forEach(ArrayList.java:1604)
]]></error>
    <system-out><![CDATA[21:38:52.821 [main] INFO  o.s.t.c.s.AnnotationConfigContextLoaderUtils - Could not detect default configuration classes for test class [com.example.ordermanagement.cucumber.CucumberSpringConfiguration]: CucumberSpringConfiguration does not declare any static, non-private, non-final, nested classes annotated with @Configuration.
21:38:52.822 [main] INFO  o.s.b.t.c.SpringBootTestContextBootstrapper - Found @SpringBootConfiguration com.example.ordermanagement.OrderManagementApplication for test class com.example.ordermanagement.cucumber.CucumberSpringConfiguration
]]></system-out>
  </testcase>
  <testcase name="Complete order workflow from creation to shipment" classname="Order Status Workflow" time="0.005">
    <error message="Duplicate step definitions in com.example.ordermanagement.cucumber.OrderQuerySteps.theOrderManagementSystemIsRunning() and com.example.ordermanagement.cucumber.OrderCreationSteps.theOrderManagementSystemIsRunning()" type="io.cucumber.core.runner.DuplicateStepDefinitionException"><![CDATA[io.cucumber.core.runner.DuplicateStepDefinitionException: Duplicate step definitions in com.example.ordermanagement.cucumber.OrderQuerySteps.theOrderManagementSystemIsRunning() and com.example.ordermanagement.cucumber.OrderCreationSteps.theOrderManagementSystemIsRunning()
	at io.cucumber.core.runner.CachingGlue.lambda$prepareGlue$3(CachingGlue.java:278)
	at java.base/java.util.ArrayList.forEach(ArrayList.java:1604)
	at io.cucumber.core.runner.CachingGlue.prepareGlue(CachingGlue.java:272)
	at io.cucumber.core.runner.Runner.runPickle(Runner.java:72)
	at io.cucumber.junit.platform.engine.CucumberEngineExecutionContext.lambda$runTestCase$4(CucumberEngineExecutionContext.java:112)
	at io.cucumber.core.runtime.CucumberExecutionContext.lambda$runTestCase$5(CucumberExecutionContext.java:137)
	at io.cucumber.core.runtime.RethrowingThrowableCollector.executeAndThrow(RethrowingThrowableCollector.java:23)
	at io.cucumber.core.runtime.CucumberExecutionContext.runTestCase(CucumberExecutionContext.java:137)
	at io.cucumber.junit.platform.engine.CucumberEngineExecutionContext.runTestCase(CucumberEngineExecutionContext.java:109)
	at io.cucumber.junit.platform.engine.NodeDescriptor$PickleDescriptor.execute(NodeDescriptor.java:168)
	at io.cucumber.junit.platform.engine.NodeDescriptor$PickleDescriptor.execute(NodeDescriptor.java:90)
	at java.base/java.util.ArrayList.forEach(ArrayList.java:1604)
	at java.base/java.util.ArrayList.forEach(ArrayList.java:1604)
]]></error>
    <system-out><![CDATA[21:38:52.830 [main] INFO  o.s.t.c.s.AnnotationConfigContextLoaderUtils - Could not detect default configuration classes for test class [com.example.ordermanagement.cucumber.CucumberSpringConfiguration]: CucumberSpringConfiguration does not declare any static, non-private, non-final, nested classes annotated with @Configuration.
21:38:52.830 [main] INFO  o.s.b.t.c.SpringBootTestContextBootstrapper - Found @SpringBootConfiguration com.example.ordermanagement.OrderManagementApplication for test class com.example.ordermanagement.cucumber.CucumberSpringConfiguration
]]></system-out>
  </testcase>
  <testcase name="Cancel an order in CREATED status" classname="Order Status Workflow" time="0.006">
    <error message="Duplicate step definitions in com.example.ordermanagement.cucumber.OrderQuerySteps.theOrderManagementSystemIsRunning() and com.example.ordermanagement.cucumber.OrderCreationSteps.theOrderManagementSystemIsRunning()" type="io.cucumber.core.runner.DuplicateStepDefinitionException"><![CDATA[io.cucumber.core.runner.DuplicateStepDefinitionException: Duplicate step definitions in com.example.ordermanagement.cucumber.OrderQuerySteps.theOrderManagementSystemIsRunning() and com.example.ordermanagement.cucumber.OrderCreationSteps.theOrderManagementSystemIsRunning()
	at io.cucumber.core.runner.CachingGlue.lambda$prepareGlue$3(CachingGlue.java:278)
	at java.base/java.util.ArrayList.forEach(ArrayList.java:1604)
	at io.cucumber.core.runner.CachingGlue.prepareGlue(CachingGlue.java:272)
	at io.cucumber.core.runner.Runner.runPickle(Runner.java:72)
	at io.cucumber.junit.platform.engine.CucumberEngineExecutionContext.lambda$runTestCase$4(CucumberEngineExecutionContext.java:112)
	at io.cucumber.core.runtime.CucumberExecutionContext.lambda$runTestCase$5(CucumberExecutionContext.java:137)
	at io.cucumber.core.runtime.RethrowingThrowableCollector.executeAndThrow(RethrowingThrowableCollector.java:23)
	at io.cucumber.core.runtime.CucumberExecutionContext.runTestCase(CucumberExecutionContext.java:137)
	at io.cucumber.junit.platform.engine.CucumberEngineExecutionContext.runTestCase(CucumberEngineExecutionContext.java:109)
	at io.cucumber.junit.platform.engine.NodeDescriptor$PickleDescriptor.execute(NodeDescriptor.java:168)
	at io.cucumber.junit.platform.engine.NodeDescriptor$PickleDescriptor.execute(NodeDescriptor.java:90)
	at java.base/java.util.ArrayList.forEach(ArrayList.java:1604)
	at java.base/java.util.ArrayList.forEach(ArrayList.java:1604)
]]></error>
    <system-out><![CDATA[21:38:52.835 [main] INFO  o.s.t.c.s.AnnotationConfigContextLoaderUtils - Could not detect default configuration classes for test class [com.example.ordermanagement.cucumber.CucumberSpringConfiguration]: CucumberSpringConfiguration does not declare any static, non-private, non-final, nested classes annotated with @Configuration.
21:38:52.836 [main] INFO  o.s.b.t.c.SpringBootTestContextBootstrapper - Found @SpringBootConfiguration com.example.ordermanagement.OrderManagementApplication for test class com.example.ordermanagement.cucumber.CucumberSpringConfiguration
]]></system-out>
  </testcase>
  <testcase name="Cancel an order in CONFIRMED status" classname="Order Status Workflow" time="0.006">
    <error message="Duplicate step definitions in com.example.ordermanagement.cucumber.OrderQuerySteps.theOrderManagementSystemIsRunning() and com.example.ordermanagement.cucumber.OrderCreationSteps.theOrderManagementSystemIsRunning()" type="io.cucumber.core.runner.DuplicateStepDefinitionException"><![CDATA[io.cucumber.core.runner.DuplicateStepDefinitionException: Duplicate step definitions in com.example.ordermanagement.cucumber.OrderQuerySteps.theOrderManagementSystemIsRunning() and com.example.ordermanagement.cucumber.OrderCreationSteps.theOrderManagementSystemIsRunning()
	at io.cucumber.core.runner.CachingGlue.lambda$prepareGlue$3(CachingGlue.java:278)
	at java.base/java.util.ArrayList.forEach(ArrayList.java:1604)
	at io.cucumber.core.runner.CachingGlue.prepareGlue(CachingGlue.java:272)
	at io.cucumber.core.runner.Runner.runPickle(Runner.java:72)
	at io.cucumber.junit.platform.engine.CucumberEngineExecutionContext.lambda$runTestCase$4(CucumberEngineExecutionContext.java:112)
	at io.cucumber.core.runtime.CucumberExecutionContext.lambda$runTestCase$5(CucumberExecutionContext.java:137)
	at io.cucumber.core.runtime.RethrowingThrowableCollector.executeAndThrow(RethrowingThrowableCollector.java:23)
	at io.cucumber.core.runtime.CucumberExecutionContext.runTestCase(CucumberExecutionContext.java:137)
	at io.cucumber.junit.platform.engine.CucumberEngineExecutionContext.runTestCase(CucumberEngineExecutionContext.java:109)
	at io.cucumber.junit.platform.engine.NodeDescriptor$PickleDescriptor.execute(NodeDescriptor.java:168)
	at io.cucumber.junit.platform.engine.NodeDescriptor$PickleDescriptor.execute(NodeDescriptor.java:90)
	at java.base/java.util.ArrayList.forEach(ArrayList.java:1604)
	at java.base/java.util.ArrayList.forEach(ArrayList.java:1604)
]]></error>
    <system-out><![CDATA[21:38:52.842 [main] INFO  o.s.t.c.s.AnnotationConfigContextLoaderUtils - Could not detect default configuration classes for test class [com.example.ordermanagement.cucumber.CucumberSpringConfiguration]: CucumberSpringConfiguration does not declare any static, non-private, non-final, nested classes annotated with @Configuration.
21:38:52.842 [main] INFO  o.s.b.t.c.SpringBootTestContextBootstrapper - Found @SpringBootConfiguration com.example.ordermanagement.OrderManagementApplication for test class com.example.ordermanagement.cucumber.CucumberSpringConfiguration
]]></system-out>
  </testcase>
  <testcase name="Attempt to cancel a shipped order" classname="Order Status Workflow" time="0.006">
    <error message="Duplicate step definitions in com.example.ordermanagement.cucumber.OrderQuerySteps.theOrderManagementSystemIsRunning() and com.example.ordermanagement.cucumber.OrderCreationSteps.theOrderManagementSystemIsRunning()" type="io.cucumber.core.runner.DuplicateStepDefinitionException"><![CDATA[io.cucumber.core.runner.DuplicateStepDefinitionException: Duplicate step definitions in com.example.ordermanagement.cucumber.OrderQuerySteps.theOrderManagementSystemIsRunning() and com.example.ordermanagement.cucumber.OrderCreationSteps.theOrderManagementSystemIsRunning()
	at io.cucumber.core.runner.CachingGlue.lambda$prepareGlue$3(CachingGlue.java:278)
	at java.base/java.util.ArrayList.forEach(ArrayList.java:1604)
	at io.cucumber.core.runner.CachingGlue.prepareGlue(CachingGlue.java:272)
	at io.cucumber.core.runner.Runner.runPickle(Runner.java:72)
	at io.cucumber.junit.platform.engine.CucumberEngineExecutionContext.lambda$runTestCase$4(CucumberEngineExecutionContext.java:112)
	at io.cucumber.core.runtime.CucumberExecutionContext.lambda$runTestCase$5(CucumberExecutionContext.java:137)
	at io.cucumber.core.runtime.RethrowingThrowableCollector.executeAndThrow(RethrowingThrowableCollector.java:23)
	at io.cucumber.core.runtime.CucumberExecutionContext.runTestCase(CucumberExecutionContext.java:137)
	at io.cucumber.junit.platform.engine.CucumberEngineExecutionContext.runTestCase(CucumberEngineExecutionContext.java:109)
	at io.cucumber.junit.platform.engine.NodeDescriptor$PickleDescriptor.execute(NodeDescriptor.java:168)
	at io.cucumber.junit.platform.engine.NodeDescriptor$PickleDescriptor.execute(NodeDescriptor.java:90)
	at java.base/java.util.ArrayList.forEach(ArrayList.java:1604)
	at java.base/java.util.ArrayList.forEach(ArrayList.java:1604)
]]></error>
    <system-out><![CDATA[21:38:52.848 [main] INFO  o.s.t.c.s.AnnotationConfigContextLoaderUtils - Could not detect default configuration classes for test class [com.example.ordermanagement.cucumber.CucumberSpringConfiguration]: CucumberSpringConfiguration does not declare any static, non-private, non-final, nested classes annotated with @Configuration.
21:38:52.849 [main] INFO  o.s.b.t.c.SpringBootTestContextBootstrapper - Found @SpringBootConfiguration com.example.ordermanagement.OrderManagementApplication for test class com.example.ordermanagement.cucumber.CucumberSpringConfiguration
]]></system-out>
  </testcase>
  <testcase name="Attempt to confirm an already confirmed order" classname="Order Status Workflow" time="0.004">
    <error message="Duplicate step definitions in com.example.ordermanagement.cucumber.OrderQuerySteps.theOrderManagementSystemIsRunning() and com.example.ordermanagement.cucumber.OrderCreationSteps.theOrderManagementSystemIsRunning()" type="io.cucumber.core.runner.DuplicateStepDefinitionException"><![CDATA[io.cucumber.core.runner.DuplicateStepDefinitionException: Duplicate step definitions in com.example.ordermanagement.cucumber.OrderQuerySteps.theOrderManagementSystemIsRunning() and com.example.ordermanagement.cucumber.OrderCreationSteps.theOrderManagementSystemIsRunning()
	at io.cucumber.core.runner.CachingGlue.lambda$prepareGlue$3(CachingGlue.java:278)
	at java.base/java.util.ArrayList.forEach(ArrayList.java:1604)
	at io.cucumber.core.runner.CachingGlue.prepareGlue(CachingGlue.java:272)
	at io.cucumber.core.runner.Runner.runPickle(Runner.java:72)
	at io.cucumber.junit.platform.engine.CucumberEngineExecutionContext.lambda$runTestCase$4(CucumberEngineExecutionContext.java:112)
	at io.cucumber.core.runtime.CucumberExecutionContext.lambda$runTestCase$5(CucumberExecutionContext.java:137)
	at io.cucumber.core.runtime.RethrowingThrowableCollector.executeAndThrow(RethrowingThrowableCollector.java:23)
	at io.cucumber.core.runtime.CucumberExecutionContext.runTestCase(CucumberExecutionContext.java:137)
	at io.cucumber.junit.platform.engine.CucumberEngineExecutionContext.runTestCase(CucumberEngineExecutionContext.java:109)
	at io.cucumber.junit.platform.engine.NodeDescriptor$PickleDescriptor.execute(NodeDescriptor.java:168)
	at io.cucumber.junit.platform.engine.NodeDescriptor$PickleDescriptor.execute(NodeDescriptor.java:90)
	at java.base/java.util.ArrayList.forEach(ArrayList.java:1604)
	at java.base/java.util.ArrayList.forEach(ArrayList.java:1604)
]]></error>
    <system-out><![CDATA[21:38:52.855 [main] INFO  o.s.t.c.s.AnnotationConfigContextLoaderUtils - Could not detect default configuration classes for test class [com.example.ordermanagement.cucumber.CucumberSpringConfiguration]: CucumberSpringConfiguration does not declare any static, non-private, non-final, nested classes annotated with @Configuration.
21:38:52.856 [main] INFO  o.s.b.t.c.SpringBootTestContextBootstrapper - Found @SpringBootConfiguration com.example.ordermanagement.OrderManagementApplication for test class com.example.ordermanagement.cucumber.CucumberSpringConfiguration
]]></system-out>
  </testcase>
  <testcase name="Attempt to process an unconfirmed order" classname="Order Status Workflow" time="0.006">
    <error message="Duplicate step definitions in com.example.ordermanagement.cucumber.OrderQuerySteps.theOrderManagementSystemIsRunning() and com.example.ordermanagement.cucumber.OrderCreationSteps.theOrderManagementSystemIsRunning()" type="io.cucumber.core.runner.DuplicateStepDefinitionException"><![CDATA[io.cucumber.core.runner.DuplicateStepDefinitionException: Duplicate step definitions in com.example.ordermanagement.cucumber.OrderQuerySteps.theOrderManagementSystemIsRunning() and com.example.ordermanagement.cucumber.OrderCreationSteps.theOrderManagementSystemIsRunning()
	at io.cucumber.core.runner.CachingGlue.lambda$prepareGlue$3(CachingGlue.java:278)
	at java.base/java.util.ArrayList.forEach(ArrayList.java:1604)
	at io.cucumber.core.runner.CachingGlue.prepareGlue(CachingGlue.java:272)
	at io.cucumber.core.runner.Runner.runPickle(Runner.java:72)
	at io.cucumber.junit.platform.engine.CucumberEngineExecutionContext.lambda$runTestCase$4(CucumberEngineExecutionContext.java:112)
	at io.cucumber.core.runtime.CucumberExecutionContext.lambda$runTestCase$5(CucumberExecutionContext.java:137)
	at io.cucumber.core.runtime.RethrowingThrowableCollector.executeAndThrow(RethrowingThrowableCollector.java:23)
	at io.cucumber.core.runtime.CucumberExecutionContext.runTestCase(CucumberExecutionContext.java:137)
	at io.cucumber.junit.platform.engine.CucumberEngineExecutionContext.runTestCase(CucumberEngineExecutionContext.java:109)
	at io.cucumber.junit.platform.engine.NodeDescriptor$PickleDescriptor.execute(NodeDescriptor.java:168)
	at io.cucumber.junit.platform.engine.NodeDescriptor$PickleDescriptor.execute(NodeDescriptor.java:90)
	at java.base/java.util.ArrayList.forEach(ArrayList.java:1604)
	at java.base/java.util.ArrayList.forEach(ArrayList.java:1604)
]]></error>
    <system-out><![CDATA[21:38:52.861 [main] INFO  o.s.t.c.s.AnnotationConfigContextLoaderUtils - Could not detect default configuration classes for test class [com.example.ordermanagement.cucumber.CucumberSpringConfiguration]: CucumberSpringConfiguration does not declare any static, non-private, non-final, nested classes annotated with @Configuration.
21:38:52.862 [main] INFO  o.s.b.t.c.SpringBootTestContextBootstrapper - Found @SpringBootConfiguration com.example.ordermanagement.OrderManagementApplication for test class com.example.ordermanagement.cucumber.CucumberSpringConfiguration
]]></system-out>
  </testcase>
  <testcase name="Attempt to ship an unprocessed order" classname="Order Status Workflow" time="0.005">
    <error message="Duplicate step definitions in com.example.ordermanagement.cucumber.OrderQuerySteps.theOrderManagementSystemIsRunning() and com.example.ordermanagement.cucumber.OrderCreationSteps.theOrderManagementSystemIsRunning()" type="io.cucumber.core.runner.DuplicateStepDefinitionException"><![CDATA[io.cucumber.core.runner.DuplicateStepDefinitionException: Duplicate step definitions in com.example.ordermanagement.cucumber.OrderQuerySteps.theOrderManagementSystemIsRunning() and com.example.ordermanagement.cucumber.OrderCreationSteps.theOrderManagementSystemIsRunning()
	at io.cucumber.core.runner.CachingGlue.lambda$prepareGlue$3(CachingGlue.java:278)
	at java.base/java.util.ArrayList.forEach(ArrayList.java:1604)
	at io.cucumber.core.runner.CachingGlue.prepareGlue(CachingGlue.java:272)
	at io.cucumber.core.runner.Runner.runPickle(Runner.java:72)
	at io.cucumber.junit.platform.engine.CucumberEngineExecutionContext.lambda$runTestCase$4(CucumberEngineExecutionContext.java:112)
	at io.cucumber.core.runtime.CucumberExecutionContext.lambda$runTestCase$5(CucumberExecutionContext.java:137)
	at io.cucumber.core.runtime.RethrowingThrowableCollector.executeAndThrow(RethrowingThrowableCollector.java:23)
	at io.cucumber.core.runtime.CucumberExecutionContext.runTestCase(CucumberExecutionContext.java:137)
	at io.cucumber.junit.platform.engine.CucumberEngineExecutionContext.runTestCase(CucumberEngineExecutionContext.java:109)
	at io.cucumber.junit.platform.engine.NodeDescriptor$PickleDescriptor.execute(NodeDescriptor.java:168)
	at io.cucumber.junit.platform.engine.NodeDescriptor$PickleDescriptor.execute(NodeDescriptor.java:90)
	at java.base/java.util.ArrayList.forEach(ArrayList.java:1604)
	at java.base/java.util.ArrayList.forEach(ArrayList.java:1604)
]]></error>
    <system-out><![CDATA[21:38:52.867 [main] INFO  o.s.t.c.s.AnnotationConfigContextLoaderUtils - Could not detect default configuration classes for test class [com.example.ordermanagement.cucumber.CucumberSpringConfiguration]: CucumberSpringConfiguration does not declare any static, non-private, non-final, nested classes annotated with @Configuration.
21:38:52.868 [main] INFO  o.s.b.t.c.SpringBootTestContextBootstrapper - Found @SpringBootConfiguration com.example.ordermanagement.OrderManagementApplication for test class com.example.ordermanagement.cucumber.CucumberSpringConfiguration
]]></system-out>
  </testcase>
  <testcase name="Ship order without tracking number" classname="Order Status Workflow" time="0.005">
    <error message="Duplicate step definitions in com.example.ordermanagement.cucumber.OrderQuerySteps.theOrderManagementSystemIsRunning() and com.example.ordermanagement.cucumber.OrderCreationSteps.theOrderManagementSystemIsRunning()" type="io.cucumber.core.runner.DuplicateStepDefinitionException"><![CDATA[io.cucumber.core.runner.DuplicateStepDefinitionException: Duplicate step definitions in com.example.ordermanagement.cucumber.OrderQuerySteps.theOrderManagementSystemIsRunning() and com.example.ordermanagement.cucumber.OrderCreationSteps.theOrderManagementSystemIsRunning()
	at io.cucumber.core.runner.CachingGlue.lambda$prepareGlue$3(CachingGlue.java:278)
	at java.base/java.util.ArrayList.forEach(ArrayList.java:1604)
	at io.cucumber.core.runner.CachingGlue.prepareGlue(CachingGlue.java:272)
	at io.cucumber.core.runner.Runner.runPickle(Runner.java:72)
	at io.cucumber.junit.platform.engine.CucumberEngineExecutionContext.lambda$runTestCase$4(CucumberEngineExecutionContext.java:112)
	at io.cucumber.core.runtime.CucumberExecutionContext.lambda$runTestCase$5(CucumberExecutionContext.java:137)
	at io.cucumber.core.runtime.RethrowingThrowableCollector.executeAndThrow(RethrowingThrowableCollector.java:23)
	at io.cucumber.core.runtime.CucumberExecutionContext.runTestCase(CucumberExecutionContext.java:137)
	at io.cucumber.junit.platform.engine.CucumberEngineExecutionContext.runTestCase(CucumberEngineExecutionContext.java:109)
	at io.cucumber.junit.platform.engine.NodeDescriptor$PickleDescriptor.execute(NodeDescriptor.java:168)
	at io.cucumber.junit.platform.engine.NodeDescriptor$PickleDescriptor.execute(NodeDescriptor.java:90)
	at java.base/java.util.ArrayList.forEach(ArrayList.java:1604)
	at java.base/java.util.ArrayList.forEach(ArrayList.java:1604)
]]></error>
    <system-out><![CDATA[21:38:52.873 [main] INFO  o.s.t.c.s.AnnotationConfigContextLoaderUtils - Could not detect default configuration classes for test class [com.example.ordermanagement.cucumber.CucumberSpringConfiguration]: CucumberSpringConfiguration does not declare any static, non-private, non-final, nested classes annotated with @Configuration.
21:38:52.874 [main] INFO  o.s.b.t.c.SpringBootTestContextBootstrapper - Found @SpringBootConfiguration com.example.ordermanagement.OrderManagementApplication for test class com.example.ordermanagement.cucumber.CucumberSpringConfiguration
]]></system-out>
  </testcase>
</testsuite>